13:32:55.784 [main                     ] DEBUG Logger               - Configured Logger
13:32:55.823 [main                     ] DEBUG GameApplication      - Logging settings
Title: ZombieAttack
Version: 0.1
Width: 1200
Height: 600
Fullscreen: false
Intro: false
Profiling: false
Single step:false
App Mode: DEVELOPER
Menu Key: ESCAPE
Stage Style: DECORATED
Scene Factory: class com.almasb.fxgl.app.scene.SceneFactory

13:32:56.211 [JavaFX Application Thread] DEBUG FXGLApplication      - Initializing FXGL
13:32:56.217 [JavaFX Application Thread] INFO  Engine               - FXGL-17.3 (30.03.2023 11.49) on WINDOWS (J:22.0.1 FX:22-ea)
13:32:56.217 [JavaFX Application Thread] DEBUG Engine               - JRE Vendor Name: Oracle Corporation
13:32:56.218 [JavaFX Application Thread] DEBUG Engine               - Running on OS: Windows 11 version 10.0
13:32:56.218 [JavaFX Application Thread] DEBUG Engine               - Architecture: amd64
13:32:56.218 [JavaFX Application Thread] INFO  Engine               - Source code and latest versions at: https://github.com/AlmasB/FXGL
13:32:56.218 [JavaFX Application Thread] INFO  Engine               -       Ask questions and discuss at: https://github.com/AlmasB/FXGL/discussions
13:32:56.218 [JavaFX Application Thread] INFO  Engine               -              Join the FXGL chat at: https://gitter.im/AlmasB/FXGL
13:32:56.367 [JavaFX Application Thread] DEBUG PrimaryStageWindow   - Creating a JavaFX scene
13:32:56.439 [JavaFX Application Thread] DEBUG PrimaryStageWindow   - Target settings size: 1200.0 x 600.0
13:32:56.439 [JavaFX Application Thread] DEBUG PrimaryStageWindow   - Scaled scene size:    1200.0 x 600.0
13:32:56.440 [JavaFX Application Thread] DEBUG PrimaryStageWindow   - Scaled ratio: (1.0, 1.0)
13:32:56.441 [JavaFX Application Thread] DEBUG PrimaryStageWindow   - Set initial scene to FXGLStartupScene
13:32:56.446 [JavaFX Application Thread] DEBUG PrimaryStageWindow   - Opening main window
13:32:56.557 [JavaFX Application Thread] DEBUG PrimaryStageWindow   - Window border size: (14.6666259765625, 37.33331298828125)
13:32:56.558 [JavaFX Application Thread] DEBUG PrimaryStageWindow   - Scaled size: 1200.0 x 600.0
13:32:56.558 [JavaFX Application Thread] DEBUG PrimaryStageWindow   - Scaled ratio: (1.0, 1.0)
13:32:56.558 [JavaFX Application Thread] DEBUG PrimaryStageWindow   - Scene size: 1200.0 x 600.0
13:32:56.559 [JavaFX Application Thread] DEBUG PrimaryStageWindow   - Stage size: 1214.6666259765625 x 637.3333129882812
13:32:56.569 [FXGL Background Thread 1 ] DEBUG Engine               - Initializing environment variables
13:32:56.666 [FXGL Background Thread 1 ] DEBUG FXGLAssetLoaderServi - User app class for loading assets: class clueless.zombiesattack.Game
13:32:56.667 [FXGL Background Thread 1 ] DEBUG GameApplicationServi - Applying CSS: fxgl_dark.css
13:32:56.668 [FXGL Background Thread 1 ] DEBUG FXGLAssetLoaderServi - Loading from file system: jar:file:///C:/Users/g_gab/.m2/repository/com/github/almasb/fxgl/17.3/fxgl-17.3.jar!/fxglassets/ui/css/fxgl_dark.css
13:32:56.748 [FXGL Background Thread 1 ] DEBUG GameApplicationServi - Initializing application scenes
13:32:56.813 [FXGL Background Thread 1 ] DEBUG GameWorld            - Game world initialized
13:32:56.918 [FXGL Background Thread 1 ] DEBUG PhysicsWorld         - Physics world initialized: appHeight=600, physics.ppm=50,0
13:32:56.919 [FXGL Background Thread 1 ] DEBUG PhysicsWorld         - Using strategy: BRUTE_FORCE
13:32:56.925 [FXGL Background Thread 1 ] DEBUG GameScene            - Game scene initialized: 1200x600
13:32:56.939 [FXGL Background Thread 1 ] DEBUG FXGL.DefaultMenu     - createMenuBodyGameMenu()
13:32:56.956 [FXGL Background Thread 1 ] DEBUG FXGL.DefaultMenu     - createOptionsMenu()
13:32:56.965 [FXGL Background Thread 1 ] DEBUG FXGLAssetLoaderServi - Loading from file system: jar:file:///C:/Users/g_gab/.m2/repository/com/github/almasb/fxgl/17.3/fxgl-17.3.jar!/fxglassets/textures/particles/smoke.png
13:32:57.074 [FXGL Background Thread 1 ] DEBUG FXGLAssetLoaderServi - Loading from file system: jar:file:///C:/Users/g_gab/.m2/repository/com/github/almasb/fxgl/17.3/fxgl-17.3.jar!/fxglassets/textures/particles/trace_horizontal.png
13:32:57.114 [FXGL Background Thread 1 ] DEBUG GameApplicationServi - Application scenes initialized
13:32:57.137 [FXGL Background Thread 1 ] DEBUG SystemBundleService  - Loading FXGL system data
13:32:57.145 [FXGL Background Thread 1 ] DEBUG FileSystemAccess     - Reading from: C:\Game\Clueless\system\fxgl.bundle
13:32:57.158 [FXGL Background Thread 1 ] DEBUG SystemBundleService  - Bundle FXGL: {}
13:32:57.158 [FXGL Background Thread 1 ] DEBUG UpdaterService       - Checking for updates
13:32:57.163 [FXGL Background Thread 4 ] DEBUG FXGLApplication      - Loading fonts
13:32:57.164 [FXGL Background Thread 1 ] DEBUG FXGLApplication      - Loading default localization
13:32:57.164 [FXGL Background Thread 4 ] DEBUG FXGLAssetLoaderServi - Loading from file system: jar:file:///C:/Users/g_gab/.m2/repository/com/github/almasb/fxgl/17.3/fxgl-17.3.jar!/fxglassets/ui/fonts/VarelaRound-Regular.ttf
13:32:57.165 [FXGL Background Thread 1 ] DEBUG FXGLAssetLoaderServi - Loading from file system: jar:file:///C:/Users/g_gab/.m2/repository/com/github/almasb/fxgl/17.3/fxgl-17.3.jar!/fxglassets/languages/english.lang
13:32:57.196 [FXGL Background Thread 1 ] INFO  FXGLApplication      - FXGL initialization took: 0,626 sec
13:32:57.213 [JavaFX Application Thread] DEBUG Input                - Registered new binding: action0 - D
13:32:57.213 [JavaFX Application Thread] DEBUG Input                - Registered new binding: action1 - A
13:32:57.214 [JavaFX Application Thread] DEBUG FXGLAssetLoaderServi - Loading from file system: jar:file:///C:/Users/g_gab/.m2/repository/com/github/almasb/fxgl/17.3/fxgl-17.3.jar!/fxglassets/textures/fxgl_icon.png
13:32:57.224 [FXGL Background Thread 4 ] DEBUG FXGLAssetLoaderServi - Loading from file system: jar:file:///C:/Users/g_gab/.m2/repository/com/github/almasb/fxgl/17.3/fxgl-17.3.jar!/fxglassets/ui/fonts/Abel-Regular.ttf
13:32:57.240 [FXGL Background Thread 4 ] DEBUG FXGLAssetLoaderServi - Loading from file system: jar:file:///C:/Users/g_gab/.m2/repository/com/github/almasb/fxgl/17.3/fxgl-17.3.jar!/fxglassets/ui/fonts/TerminalLandMono-Regular.otf
13:32:57.244 [JavaFX Application Thread] DEBUG FXGLAssetLoaderServi - Loading from file system: jar:file:///C:/Users/g_gab/.m2/repository/com/github/almasb/fxgl/17.3/fxgl-17.3.jar!/fxglassets/textures/fxgl_default_cursor.png
13:32:57.247 [JavaFX Application Thread] DEBUG Input                - Registered new binding: Screenshot - CTRL+8
13:32:57.248 [JavaFX Application Thread] DEBUG Input                - Registered new binding: System info dump - CTRL+9
13:32:57.248 [JavaFX Application Thread] DEBUG Input                - Registered new binding: Restart - CTRL+R
13:32:57.249 [JavaFX Application Thread] DEBUG Input                - Registered new binding: Toggle Debug Camera - CTRL+7
13:32:57.252 [JavaFX Application Thread] DEBUG LoopRunner           - Starting loop
13:32:57.252 [JavaFX Application Thread] DEBUG LoopRunner           - Initializing JavaFX AnimationTimerLoop
13:32:57.254 [JavaFX Application Thread] DEBUG GameApplicationServi - Starting new game
13:32:57.255 [JavaFX Application Thread] DEBUG Input                - Clearing active input actions
13:32:57.256 [FXGL Background Thread 4 ] DEBUG FXGLAssetLoaderServi - Loading from file system: jar:file:///C:/Users/g_gab/.m2/repository/com/github/almasb/fxgl/17.3/fxgl-17.3.jar!/fxglassets/ui/fonts/Courier-Prime.ttf
13:32:57.272 [JavaFX Application Thread] DEBUG GameApplicationServi - Removing overlay from FXGLStartupScene and adding to FXGLLoadingScene
13:32:57.273 [JavaFX Application Thread] DEBUG PrimaryStageWindow   - FXGLStartupScene -> FXGLLoadingScene
13:32:57.273 [JavaFX Application Thread] DEBUG GameApplicationServi - Clearing previous game
13:32:57.273 [JavaFX Application Thread] DEBUG GameScene            - Clearing game scene
13:32:57.273 [JavaFX Application Thread] DEBUG GameWorld            - Clearing game world
13:32:57.273 [JavaFX Application Thread] DEBUG PhysicsWorld         - Clearing physics world
13:32:57.275 [FXGL Background Thread 4 ] DEBUG FXGLApplication      - Initializing game
13:32:57.324 [JavaFX Application Thread] DEBUG FXGLApplication      - Registering font factories with UI factory
13:32:57.327 [JavaFX Application Thread] DEBUG LoopRunner           - Stopping loop
13:32:57.331 [JavaFX Application Thread] FATAL FXGLApplication      - Uncaught Exception:
java.lang.RuntimeException: Initialization failed
	at com.almasb.fxgl.all@17.3/com.almasb.fxgl.app.FXGLApplication$InitAppTask.failed(FXGLApplication.kt:343)
	at javafx.graphics@22-ea/javafx.concurrent.Task.setState(Task.java:710)
	at javafx.graphics@22-ea/javafx.concurrent.Task$TaskCallable.lambda$call$2(Task.java:1429)
	at javafx.graphics@22-ea/com.sun.javafx.application.PlatformImpl.lambda$runLater$10(PlatformImpl.java:456)
	at java.base/java.security.AccessController.doPrivileged(AccessController.java:400)
	at javafx.graphics@22-ea/com.sun.javafx.application.PlatformImpl.lambda$runLater$11(PlatformImpl.java:455)
	at javafx.graphics@22-ea/com.sun.glass.ui.InvokeLaterDispatcher$Future.run(InvokeLaterDispatcher.java:95)
	at javafx.graphics@22-ea/com.sun.glass.ui.win.WinApplication._runLoop(Native Method)
	at javafx.graphics@22-ea/com.sun.glass.ui.win.WinApplication.lambda$runLoop$3(WinApplication.java:185)
	at java.base/java.lang.Thread.run(Thread.java:1570)
Caused by: java.lang.IllegalStateException: No EntityFactory was added! Call gameWorld.addEntityFactory()
	at com.almasb.fxgl.entity@17.3/com.almasb.fxgl.entity.GameWorld.create(GameWorld.kt:410)
	at com.almasb.fxgl.entity@17.3/com.almasb.fxgl.entity.GameWorld.spawn(GameWorld.kt:396)
	at com.almasb.fxgl.entity@17.3/com.almasb.fxgl.entity.GameWorld.spawn(GameWorld.kt:384)
	at com.almasb.fxgl.entity@17.3/com.almasb.fxgl.entity.GameWorld.spawn(GameWorld.kt:359)
	at clueless.zombiesattack/clueless.zombiesattack.Game.initGame(Game.java:63)
	at com.almasb.fxgl.all@17.3/com.almasb.fxgl.app.FXGLApplication$InitAppTask.initGame(FXGLApplication.kt:339)
	at com.almasb.fxgl.all@17.3/com.almasb.fxgl.app.FXGLApplication$InitAppTask.call(FXGLApplication.kt:319)
	at com.almasb.fxgl.all@17.3/com.almasb.fxgl.app.FXGLApplication$InitAppTask.call(FXGLApplication.kt:311)
	at javafx.graphics@22-ea/javafx.concurrent.Task$TaskCallable.call(Task.java:1399)
	at java.base/java.util.concurrent.FutureTask.run(FutureTask.java:317)
	at java.base/java.util.concurrent.Executors$RunnableAdapter.call(Executors.java:572)
	at java.base/java.util.concurrent.FutureTask.run(FutureTask.java:317)
	at java.base/java.util.concurrent.ThreadPoolExecutor.runWorker(ThreadPoolExecutor.java:1144)
	at java.base/java.util.concurrent.ThreadPoolExecutor$Worker.run(ThreadPoolExecutor.java:642)
	... 1 more

13:32:57.331 [JavaFX Application Thread] FATAL FXGLApplication      - Application will now exit
13:32:57.399 [JavaFX Application Thread] DEBUG PrimaryStageWindow   - Push state: ErrorSubScene
13:32:57.399 [JavaFX Application Thread] DEBUG Input                - Clearing active input actions
13:32:57.414 [JavaFX Application Thread] DEBUG GameApplicationServi - Removing overlay from FXGLLoadingScene and adding to ErrorSubScene
13:32:57.415 [JavaFX Application Thread] DEBUG PrimaryStageWindow   - FXGLLoadingScene -> ErrorSubScene
13:32:58.663 [FXGL Background Thread 2 ] INFO  UpdaterService       - Your current version:  17.3
13:32:58.663 [FXGL Background Thread 2 ] INFO  UpdaterService       - Latest stable version: 21.1
13:33:00.061 [JavaFX Application Thread] DEBUG FXGLApplication      - Exiting FXGL
13:33:00.062 [JavaFX Application Thread] DEBUG Async                - Shutting down background threads
13:33:00.062 [JavaFX Application Thread] DEBUG PrimaryStageWindow   - Closing main window
13:33:00.082 [JavaFX Application Thread] DEBUG Logger               - Closing Logger
