16:25:22.528 [main                     ] DEBUG Logger               - Configured Logger
16:25:22.549 [main                     ] DEBUG GameApplication      - Logging settings
Title: ZombieAttack
Version: 0.1
Width: 1200
Height: 600
Fullscreen: false
Intro: false
Profiling: false
Single step:false
App Mode: DEVELOPER
Menu Key: ESCAPE
Stage Style: DECORATED
Scene Factory: class com.almasb.fxgl.app.scene.SceneFactory

16:25:22.796 [JavaFX Application Thread] DEBUG FXGLApplication      - Initializing FXGL
16:25:22.800 [JavaFX Application Thread] INFO  Engine               - FXGL-17.3 (30.03.2023 11.49) on WINDOWS (J:22.0.1 FX:22-ea)
16:25:22.800 [JavaFX Application Thread] DEBUG Engine               - JRE Vendor Name: Oracle Corporation
16:25:22.800 [JavaFX Application Thread] DEBUG Engine               - Running on OS: Windows 11 version 10.0
16:25:22.801 [JavaFX Application Thread] DEBUG Engine               - Architecture: amd64
16:25:22.801 [JavaFX Application Thread] INFO  Engine               - Source code and latest versions at: https://github.com/AlmasB/FXGL
16:25:22.801 [JavaFX Application Thread] INFO  Engine               -       Ask questions and discuss at: https://github.com/AlmasB/FXGL/discussions
16:25:22.801 [JavaFX Application Thread] INFO  Engine               -              Join the FXGL chat at: https://gitter.im/AlmasB/FXGL
16:25:22.870 [JavaFX Application Thread] DEBUG PrimaryStageWindow   - Creating a JavaFX scene
16:25:22.914 [JavaFX Application Thread] DEBUG PrimaryStageWindow   - Target settings size: 1200.0 x 600.0
16:25:22.914 [JavaFX Application Thread] DEBUG PrimaryStageWindow   - Scaled scene size:    1200.0 x 600.0
16:25:22.914 [JavaFX Application Thread] DEBUG PrimaryStageWindow   - Scaled ratio: (1.0, 1.0)
16:25:22.915 [JavaFX Application Thread] DEBUG PrimaryStageWindow   - Set initial scene to FXGLStartupScene
16:25:22.919 [JavaFX Application Thread] DEBUG PrimaryStageWindow   - Opening main window
16:25:22.992 [JavaFX Application Thread] DEBUG PrimaryStageWindow   - Window border size: (14.6666259765625, 37.33331298828125)
16:25:22.993 [JavaFX Application Thread] DEBUG PrimaryStageWindow   - Scaled size: 1200.0 x 600.0
16:25:22.993 [JavaFX Application Thread] DEBUG PrimaryStageWindow   - Scaled ratio: (1.0, 1.0)
16:25:22.993 [JavaFX Application Thread] DEBUG PrimaryStageWindow   - Scene size: 1200.0 x 600.0
16:25:22.993 [JavaFX Application Thread] DEBUG PrimaryStageWindow   - Stage size: 1214.6666259765625 x 637.3333129882812
16:25:23.000 [FXGL Background Thread 1 ] DEBUG Engine               - Initializing environment variables
16:25:23.058 [FXGL Background Thread 1 ] DEBUG FXGLAssetLoaderServi - User app class for loading assets: class clueless.zombiesattack.Game
16:25:23.058 [FXGL Background Thread 1 ] DEBUG GameApplicationServi - Applying CSS: fxgl_dark.css
16:25:23.059 [FXGL Background Thread 1 ] DEBUG FXGLAssetLoaderServi - Loading from file system: jar:file:///C:/Users/g_gab/.m2/repository/com/github/almasb/fxgl/17.3/fxgl-17.3.jar!/fxglassets/ui/css/fxgl_dark.css
16:25:23.104 [FXGL Background Thread 1 ] DEBUG GameApplicationServi - Initializing application scenes
16:25:23.142 [FXGL Background Thread 1 ] DEBUG GameWorld            - Game world initialized
16:25:23.213 [FXGL Background Thread 1 ] DEBUG PhysicsWorld         - Physics world initialized: appHeight=600, physics.ppm=50,0
16:25:23.214 [FXGL Background Thread 1 ] DEBUG PhysicsWorld         - Using strategy: BRUTE_FORCE
16:25:23.217 [FXGL Background Thread 1 ] DEBUG GameScene            - Game scene initialized: 1200x600
16:25:23.227 [FXGL Background Thread 1 ] DEBUG FXGL.DefaultMenu     - createMenuBodyGameMenu()
16:25:23.240 [FXGL Background Thread 1 ] DEBUG FXGL.DefaultMenu     - createOptionsMenu()
16:25:23.247 [FXGL Background Thread 1 ] DEBUG FXGLAssetLoaderServi - Loading from file system: jar:file:///C:/Users/g_gab/.m2/repository/com/github/almasb/fxgl/17.3/fxgl-17.3.jar!/fxglassets/textures/particles/smoke.png
16:25:23.317 [FXGL Background Thread 1 ] DEBUG FXGLAssetLoaderServi - Loading from file system: jar:file:///C:/Users/g_gab/.m2/repository/com/github/almasb/fxgl/17.3/fxgl-17.3.jar!/fxglassets/textures/particles/trace_horizontal.png
16:25:23.343 [FXGL Background Thread 1 ] DEBUG GameApplicationServi - Application scenes initialized
16:25:23.352 [FXGL Background Thread 1 ] DEBUG SystemBundleService  - Loading FXGL system data
16:25:23.356 [FXGL Background Thread 1 ] DEBUG FileSystemAccess     - Reading from: C:\Game\Clueless\system\fxgl.bundle
16:25:23.361 [FXGL Background Thread 1 ] DEBUG SystemBundleService  - Bundle FXGL: {}
16:25:23.361 [FXGL Background Thread 1 ] DEBUG UpdaterService       - Checking for updates
16:25:23.364 [FXGL Background Thread 4 ] DEBUG FXGLApplication      - Loading fonts
16:25:23.365 [FXGL Background Thread 4 ] DEBUG FXGLAssetLoaderServi - Loading from file system: jar:file:///C:/Users/g_gab/.m2/repository/com/github/almasb/fxgl/17.3/fxgl-17.3.jar!/fxglassets/ui/fonts/VarelaRound-Regular.ttf
16:25:23.365 [FXGL Background Thread 1 ] DEBUG FXGLApplication      - Loading default localization
16:25:23.365 [FXGL Background Thread 1 ] DEBUG FXGLAssetLoaderServi - Loading from file system: jar:file:///C:/Users/g_gab/.m2/repository/com/github/almasb/fxgl/17.3/fxgl-17.3.jar!/fxglassets/languages/english.lang
16:25:23.387 [FXGL Background Thread 1 ] INFO  FXGLApplication      - FXGL initialization took: 0,387 sec
16:25:23.397 [JavaFX Application Thread] DEBUG Input                - Registered new binding: action0 - D
16:25:23.398 [JavaFX Application Thread] DEBUG Input                - Registered new binding: action1 - A
16:25:23.398 [JavaFX Application Thread] DEBUG Input                - Registered new binding: action2 - W
16:25:23.399 [JavaFX Application Thread] DEBUG Input                - Registered new binding: action3 - S
16:25:23.400 [JavaFX Application Thread] DEBUG Input                - Registered new binding: action4 - F
16:25:23.400 [JavaFX Application Thread] DEBUG FXGLAssetLoaderServi - Loading from file system: jar:file:///C:/Users/g_gab/.m2/repository/com/github/almasb/fxgl/17.3/fxgl-17.3.jar!/fxglassets/textures/fxgl_icon.png
16:25:23.403 [FXGL Background Thread 4 ] DEBUG FXGLAssetLoaderServi - Loading from file system: jar:file:///C:/Users/g_gab/.m2/repository/com/github/almasb/fxgl/17.3/fxgl-17.3.jar!/fxglassets/ui/fonts/Abel-Regular.ttf
16:25:23.416 [FXGL Background Thread 4 ] DEBUG FXGLAssetLoaderServi - Loading from file system: jar:file:///C:/Users/g_gab/.m2/repository/com/github/almasb/fxgl/17.3/fxgl-17.3.jar!/fxglassets/ui/fonts/TerminalLandMono-Regular.otf
16:25:23.419 [JavaFX Application Thread] DEBUG FXGLAssetLoaderServi - Loading from file system: jar:file:///C:/Users/g_gab/.m2/repository/com/github/almasb/fxgl/17.3/fxgl-17.3.jar!/fxglassets/textures/fxgl_default_cursor.png
16:25:23.422 [JavaFX Application Thread] DEBUG Input                - Registered new binding: Screenshot - CTRL+8
16:25:23.422 [JavaFX Application Thread] DEBUG Input                - Registered new binding: System info dump - CTRL+9
16:25:23.422 [JavaFX Application Thread] DEBUG Input                - Registered new binding: Restart - CTRL+R
16:25:23.423 [JavaFX Application Thread] DEBUG Input                - Registered new binding: Toggle Debug Camera - CTRL+7
16:25:23.426 [JavaFX Application Thread] DEBUG LoopRunner           - Starting loop
16:25:23.426 [JavaFX Application Thread] DEBUG LoopRunner           - Initializing JavaFX AnimationTimerLoop
16:25:23.427 [JavaFX Application Thread] DEBUG GameApplicationServi - Starting new game
16:25:23.428 [JavaFX Application Thread] DEBUG Input                - Clearing active input actions
16:25:23.428 [FXGL Background Thread 4 ] DEBUG FXGLAssetLoaderServi - Loading from file system: jar:file:///C:/Users/g_gab/.m2/repository/com/github/almasb/fxgl/17.3/fxgl-17.3.jar!/fxglassets/ui/fonts/Courier-Prime.ttf
16:25:23.440 [JavaFX Application Thread] DEBUG GameApplicationServi - Removing overlay from FXGLStartupScene and adding to FXGLLoadingScene
16:25:23.441 [JavaFX Application Thread] DEBUG PrimaryStageWindow   - FXGLStartupScene -> FXGLLoadingScene
16:25:23.441 [JavaFX Application Thread] DEBUG GameApplicationServi - Clearing previous game
16:25:23.441 [JavaFX Application Thread] DEBUG GameScene            - Clearing game scene
16:25:23.441 [JavaFX Application Thread] DEBUG GameWorld            - Clearing game world
16:25:23.441 [JavaFX Application Thread] DEBUG PhysicsWorld         - Clearing physics world
16:25:23.443 [FXGL Background Thread 4 ] DEBUG FXGLApplication      - Initializing game
16:25:23.443 [JavaFX Application Thread] DEBUG FXGLApplication      - Registering font factories with UI factory
16:25:23.445 [FXGL Background Thread 4 ] WARN  FXGLAssetLoaderServi - Asset "/assets/textures/brick.png" was not found!
16:25:23.445 [FXGL Background Thread 4 ] WARN  FXGLAssetLoaderServi - Failed to load IMAGE
16:25:23.622 [FXGL Background Thread 4 ] WARN  FXGLAssetLoaderServi - Asset "/assets/textures/brick.png" was not found!
16:25:23.623 [FXGL Background Thread 4 ] WARN  FXGLAssetLoaderServi - Failed to load IMAGE
16:25:23.623 [FXGL Background Thread 4 ] INFO  FXGLApplication      - Game initialization took: 0,181 sec
16:25:23.624 [JavaFX Application Thread] DEBUG Input                - Clearing active input actions
16:25:23.632 [JavaFX Application Thread] DEBUG GameApplicationServi - Removing overlay from FXGLLoadingScene and adding to GameScene
16:25:23.633 [JavaFX Application Thread] DEBUG PrimaryStageWindow   - FXGLLoadingScene -> GameScene
16:25:24.080 [FXGL Background Thread 2 ] INFO  UpdaterService       - Your current version:  17.3
16:25:24.080 [FXGL Background Thread 2 ] INFO  UpdaterService       - Latest stable version: 21.1
16:25:26.365 [FXGL Background Thread 3 ] DEBUG Engine               - Logging environment variables
16:25:26.365 [FXGL Background Thread 3 ] DEBUG Engine               - achievements: []
16:25:26.365 [FXGL Background Thread 3 ] DEBUG Engine               - actualHeight: 600.0
16:25:26.365 [FXGL Background Thread 3 ] DEBUG Engine               - actualHeightProperty: ReadOnlyDoubleProperty [value: 600.0]
16:25:26.366 [FXGL Background Thread 3 ] DEBUG Engine               - actualWidth: 1200.0
16:25:26.366 [FXGL Background Thread 3 ] DEBUG Engine               - actualWidthProperty: ReadOnlyDoubleProperty [value: 1200.0]
16:25:26.366 [FXGL Background Thread 3 ] DEBUG Engine               - appIcon: fxgl_icon.png
16:25:26.366 [FXGL Background Thread 3 ] DEBUG Engine               - applicationMode: DEVELOPER
16:25:26.366 [FXGL Background Thread 3 ] DEBUG Engine               - cSSList: [fxgl_dark.css]
16:25:26.366 [FXGL Background Thread 3 ] DEBUG Engine               - collisionDetectionStrategy: BRUTE_FORCE
16:25:26.366 [FXGL Background Thread 3 ] DEBUG Engine               - configClass: Optional.empty
16:25:26.366 [FXGL Background Thread 3 ] DEBUG Engine               - credits: []
16:25:26.367 [FXGL Background Thread 3 ] DEBUG Engine               - defaultCursor: CursorInfo(imageName=fxgl_default_cursor.png, hotspotX=7.0, hotspotY=6.0)
16:25:26.367 [FXGL Background Thread 3 ] DEBUG Engine               - devBBoxColorProperty: ObjectProperty [value: 0xff0000ff]
16:25:26.367 [FXGL Background Thread 3 ] DEBUG Engine               - devEnableDebugCameraProperty: BooleanProperty [value: false]
16:25:26.367 [FXGL Background Thread 3 ] DEBUG Engine               - devSensorColorProperty: ObjectProperty [value: 0xffff00ff]
16:25:26.367 [FXGL Background Thread 3 ] DEBUG Engine               - devShowBBoxProperty: BooleanProperty [value: false]
16:25:26.368 [FXGL Background Thread 3 ] DEBUG Engine               - devShowPositionProperty: BooleanProperty [value: false]
16:25:26.368 [FXGL Background Thread 3 ] DEBUG Engine               - enabledMenuItems: []
16:25:26.368 [FXGL Background Thread 3 ] DEBUG Engine               - engineServices: [class com.almasb.fxgl.app.services.FXGLAssetLoaderService, class com.almasb.fxgl.app.FXGLApplication$GameApplicationService, class com.almasb.fxgl.app.services.FXGLDialogService, class com.almasb.fxgl.app.services.IOTaskExecutorService, class com.almasb.fxgl.io.FileSystemService, class com.almasb.fxgl.localization.LocalizationService, class com.almasb.fxgl.app.services.SystemBundleService, class com.almasb.fxgl.profile.SaveLoadService, class com.almasb.fxgl.ui.FXGLUIFactoryServiceProvider, class com.almasb.fxgl.ui.FXGLDialogFactoryServiceProvider, class com.almasb.fxgl.audio.AudioPlayer, class com.almasb.fxgl.notification.impl.NotificationServiceProvider, class com.almasb.fxgl.achievement.AchievementService, class com.almasb.fxgl.cutscene.CutsceneService, class com.almasb.fxgl.minigames.MiniGameService, class com.almasb.fxgl.net.NetService, class com.almasb.fxgl.app.services.UpdaterService, class com.almasb.fxgl.dev.DevService]
16:25:26.368 [FXGL Background Thread 3 ] DEBUG Engine               - fontGame: Abel-Regular.ttf
16:25:26.368 [FXGL Background Thread 3 ] DEBUG Engine               - fontMono: TerminalLandMono-Regular.otf
16:25:26.368 [FXGL Background Thread 3 ] DEBUG Engine               - fontSizeScaleUI: 1.0
16:25:26.368 [FXGL Background Thread 3 ] DEBUG Engine               - fontText: Courier-Prime.ttf
16:25:26.368 [FXGL Background Thread 3 ] DEBUG Engine               - fontUI: VarelaRound-Regular.ttf
16:25:26.368 [FXGL Background Thread 3 ] DEBUG Engine               - fullScreen: BooleanProperty [value: false]
16:25:26.368 [FXGL Background Thread 3 ] DEBUG Engine               - gameDifficulty: MEDIUM
16:25:26.368 [FXGL Background Thread 3 ] DEBUG Engine               - gameDifficultyProperty: ObjectProperty [value: MEDIUM]
16:25:26.368 [FXGL Background Thread 3 ] DEBUG Engine               - globalMusicVolume: 0.5
16:25:26.368 [FXGL Background Thread 3 ] DEBUG Engine               - globalMusicVolumeProperty: DoubleProperty [value: 0.5]
16:25:26.368 [FXGL Background Thread 3 ] DEBUG Engine               - globalSoundVolume: 0.5
16:25:26.368 [FXGL Background Thread 3 ] DEBUG Engine               - globalSoundVolumeProperty: DoubleProperty [value: 0.5]
16:25:26.368 [FXGL Background Thread 3 ] DEBUG Engine               - height: 600
16:25:26.368 [FXGL Background Thread 3 ] DEBUG Engine               - is3D: false
16:25:26.368 [FXGL Background Thread 3 ] DEBUG Engine               - isAndroid: false
16:25:26.368 [FXGL Background Thread 3 ] DEBUG Engine               - isBrowser: false
16:25:26.368 [FXGL Background Thread 3 ] DEBUG Engine               - isClickFeedbackEnabled: false
16:25:26.368 [FXGL Background Thread 3 ] DEBUG Engine               - isCloseConfirmation: false
16:25:26.369 [FXGL Background Thread 3 ] DEBUG Engine               - isDesktop: true
16:25:26.369 [FXGL Background Thread 3 ] DEBUG Engine               - isDeveloperMenuEnabled: false
16:25:26.369 [FXGL Background Thread 3 ] DEBUG Engine               - isEmbedded: false
16:25:26.369 [FXGL Background Thread 3 ] DEBUG Engine               - isEntityPreloadEnabled: true
16:25:26.369 [FXGL Background Thread 3 ] DEBUG Engine               - isExperimentalTiledLargeMap: false
16:25:26.369 [FXGL Background Thread 3 ] DEBUG Engine               - isFileSystemWriteAllowed: true
16:25:26.369 [FXGL Background Thread 3 ] DEBUG Engine               - isFullScreenAllowed: false
16:25:26.369 [FXGL Background Thread 3 ] DEBUG Engine               - isFullScreenFromStart: false
16:25:26.369 [FXGL Background Thread 3 ] DEBUG Engine               - isGameMenuEnabled: true
16:25:26.369 [FXGL Background Thread 3 ] DEBUG Engine               - isIOS: false
16:25:26.369 [FXGL Background Thread 3 ] DEBUG Engine               - isIntroEnabled: false
16:25:26.369 [FXGL Background Thread 3 ] DEBUG Engine               - isLinux: false
16:25:26.369 [FXGL Background Thread 3 ] DEBUG Engine               - isMac: false
16:25:26.369 [FXGL Background Thread 3 ] DEBUG Engine               - isMainMenuEnabled: false
16:25:26.369 [FXGL Background Thread 3 ] DEBUG Engine               - isManualResizeEnabled: false
16:25:26.369 [FXGL Background Thread 3 ] DEBUG Engine               - isMobile: false
16:25:26.369 [FXGL Background Thread 3 ] DEBUG Engine               - isNative: false
16:25:26.369 [FXGL Background Thread 3 ] DEBUG Engine               - isPauseMusicWhenMinimized: true
16:25:26.369 [FXGL Background Thread 3 ] DEBUG Engine               - isPreserveResizeRatio: false
16:25:26.369 [FXGL Background Thread 3 ] DEBUG Engine               - isProfilingEnabled: false
16:25:26.369 [FXGL Background Thread 3 ] DEBUG Engine               - isScaleAffectedOnResize: true
16:25:26.370 [FXGL Background Thread 3 ] DEBUG Engine               - isSingleStep: false
16:25:26.370 [FXGL Background Thread 3 ] DEBUG Engine               - isUserProfileEnabled: false
16:25:26.370 [FXGL Background Thread 3 ] DEBUG Engine               - isWindows: true
16:25:26.370 [FXGL Background Thread 3 ] DEBUG Engine               - language: ObjectProperty [value: ENGLISH]
16:25:26.370 [FXGL Background Thread 3 ] DEBUG Engine               - menuKey: ESCAPE
16:25:26.370 [FXGL Background Thread 3 ] DEBUG Engine               - mouseSensitivity: 0.2
16:25:26.370 [FXGL Background Thread 3 ] DEBUG Engine               - notificationViewClass: class com.almasb.fxgl.notification.view.XboxNotificationView
16:25:26.370 [FXGL Background Thread 3 ] DEBUG Engine               - pixelsPerMeter: 50.0
16:25:26.370 [FXGL Background Thread 3 ] DEBUG Engine               - platform: WINDOWS
16:25:26.370 [FXGL Background Thread 3 ] DEBUG Engine               - prefHeightProperty: ReadOnlyDoubleProperty [value: 600.0]
16:25:26.370 [FXGL Background Thread 3 ] DEBUG Engine               - prefWidthProperty: ReadOnlyDoubleProperty [value: 1200.0]
16:25:26.370 [FXGL Background Thread 3 ] DEBUG Engine               - profileDir: profiles/
16:25:26.370 [FXGL Background Thread 3 ] DEBUG Engine               - profileName: StringProperty [value: DEFAULT]
16:25:26.370 [FXGL Background Thread 3 ] DEBUG Engine               - randomSeed: -1
16:25:26.370 [FXGL Background Thread 3 ] DEBUG Engine               - runtimeInfo: RuntimeInfo(platform=WINDOWS, version=17.3, build=30.03.2023 11.49)
16:25:26.370 [FXGL Background Thread 3 ] DEBUG Engine               - saveFileExt: sav
16:25:26.370 [FXGL Background Thread 3 ] DEBUG Engine               - scaledHeightProp$fxgl: DoubleProperty [bound, value: 600.0]
16:25:26.371 [FXGL Background Thread 3 ] DEBUG Engine               - scaledWidthProp$fxgl: DoubleProperty [bound, value: 1200.0]
16:25:26.371 [FXGL Background Thread 3 ] DEBUG Engine               - sceneFactory: com.almasb.fxgl.app.scene.SceneFactory@7e15ab39
16:25:26.371 [FXGL Background Thread 3 ] DEBUG Engine               - secondsIn24h: 60
16:25:26.371 [FXGL Background Thread 3 ] DEBUG Engine               - soundMenuBack: menu/back.wav
16:25:26.371 [FXGL Background Thread 3 ] DEBUG Engine               - soundMenuPress: menu/press.wav
16:25:26.371 [FXGL Background Thread 3 ] DEBUG Engine               - soundMenuSelect: menu/select.wav
16:25:26.371 [FXGL Background Thread 3 ] DEBUG Engine               - soundNotification: core/notification.wav
16:25:26.371 [FXGL Background Thread 3 ] DEBUG Engine               - stageStyle: DECORATED
16:25:26.371 [FXGL Background Thread 3 ] DEBUG Engine               - supportedLanguages: [ENGLISH, FRENCH, GERMAN, HUNGARIAN, RUSSIAN]
16:25:26.371 [FXGL Background Thread 3 ] DEBUG Engine               - ticksPerSecond: -1
16:25:26.371 [FXGL Background Thread 3 ] DEBUG Engine               - title: ZombieAttack
16:25:26.371 [FXGL Background Thread 3 ] DEBUG Engine               - urlGithub: https://github.com/AlmasB/FXGL
16:25:26.371 [FXGL Background Thread 3 ] DEBUG Engine               - urlLeaderboard: http://fxgl-top.herokuapp.com/
16:25:26.371 [FXGL Background Thread 3 ] DEBUG Engine               - urlPOM: https://raw.githubusercontent.com/AlmasB/FXGL/release/README.md
16:25:26.371 [FXGL Background Thread 3 ] DEBUG Engine               - userAppClass: class clueless.zombiesattack.Game
16:25:26.371 [FXGL Background Thread 3 ] DEBUG Engine               - version: 0.1
16:25:26.371 [FXGL Background Thread 3 ] DEBUG Engine               - versionCheckDays: 7
16:25:26.371 [FXGL Background Thread 3 ] DEBUG Engine               - width: 1200
16:25:26.371 [FXGL Background Thread 3 ] DEBUG Engine               - Logging services
16:25:26.371 [FXGL Background Thread 3 ] DEBUG Engine               - class com.almasb.fxgl.app.services.FXGLAssetLoaderService
16:25:26.372 [FXGL Background Thread 3 ] DEBUG Engine               - class com.almasb.fxgl.app.FXGLApplication$GameApplicationService
16:25:26.372 [FXGL Background Thread 3 ] DEBUG Engine               - class com.almasb.fxgl.app.services.FXGLDialogService
16:25:26.372 [FXGL Background Thread 3 ] DEBUG Engine               - class com.almasb.fxgl.app.services.IOTaskExecutorService
16:25:26.372 [FXGL Background Thread 3 ] DEBUG Engine               - class com.almasb.fxgl.io.FileSystemService
16:25:26.372 [FXGL Background Thread 3 ] DEBUG Engine               - class com.almasb.fxgl.localization.LocalizationService
16:25:26.372 [FXGL Background Thread 3 ] DEBUG Engine               - class com.almasb.fxgl.app.services.SystemBundleService
16:25:26.372 [FXGL Background Thread 3 ] DEBUG Engine               - class com.almasb.fxgl.profile.SaveLoadService
16:25:26.372 [FXGL Background Thread 3 ] DEBUG Engine               - class com.almasb.fxgl.ui.FXGLUIFactoryServiceProvider
16:25:26.372 [FXGL Background Thread 3 ] DEBUG Engine               - class com.almasb.fxgl.ui.FXGLDialogFactoryServiceProvider
16:25:26.372 [FXGL Background Thread 3 ] DEBUG Engine               - class com.almasb.fxgl.audio.AudioPlayer
16:25:26.372 [FXGL Background Thread 3 ] DEBUG Engine               - class com.almasb.fxgl.notification.impl.NotificationServiceProvider
16:25:26.372 [FXGL Background Thread 3 ] DEBUG Engine               - class com.almasb.fxgl.achievement.AchievementService
16:25:26.372 [FXGL Background Thread 3 ] DEBUG Engine               - class com.almasb.fxgl.cutscene.CutsceneService
16:25:26.372 [FXGL Background Thread 3 ] DEBUG Engine               - class com.almasb.fxgl.minigames.MiniGameService
16:25:26.372 [FXGL Background Thread 3 ] DEBUG Engine               - class com.almasb.fxgl.net.NetService
16:25:26.372 [FXGL Background Thread 3 ] DEBUG Engine               - class com.almasb.fxgl.app.services.UpdaterService
16:25:26.372 [FXGL Background Thread 3 ] DEBUG Engine               - class com.almasb.fxgl.dev.DevService
16:25:48.637 [JavaFX Application Thread] DEBUG FXGLApplication      - Exiting FXGL
16:25:48.637 [JavaFX Application Thread] DEBUG LoopRunner           - Stopping loop
16:25:48.637 [JavaFX Application Thread] DEBUG SystemBundleService  - Saving FXGL system data
16:25:48.639 [JavaFX Application Thread] DEBUG FileSystemAccess     - Writing to: C:\Game\Clueless\system\fxgl.bundle
16:25:48.641 [JavaFX Application Thread] DEBUG Async                - Shutting down background threads
16:25:48.641 [JavaFX Application Thread] DEBUG PrimaryStageWindow   - Closing main window
16:25:48.654 [JavaFX Application Thread] DEBUG Logger               - Closing Logger
