16:11:24.069 [main                     ] DEBUG Logger               - Configured Logger
16:11:24.093 [main                     ] DEBUG GameApplication      - Logging settings
Title: ZombieAttack
Version: 0.1
Width: 600
Height: 600
Fullscreen: false
Intro: false
Profiling: false
Single step:false
App Mode: DEVELOPER
Menu Key: ESCAPE
Stage Style: DECORATED
Scene Factory: class com.almasb.fxgl.app.scene.SceneFactory

16:11:24.331 [JavaFX Application Thread] DEBUG FXGLApplication      - Initializing FXGL
16:11:24.334 [JavaFX Application Thread] INFO  Engine               - FXGL-17.3 (30.03.2023 11.49) on WINDOWS (J:22.0.1 FX:22-ea)
16:11:24.334 [JavaFX Application Thread] DEBUG Engine               - JRE Vendor Name: Oracle Corporation
16:11:24.336 [JavaFX Application Thread] DEBUG Engine               - Running on OS: Windows 11 version 10.0
16:11:24.336 [JavaFX Application Thread] DEBUG Engine               - Architecture: amd64
16:11:24.336 [JavaFX Application Thread] INFO  Engine               - Source code and latest versions at: https://github.com/AlmasB/FXGL
16:11:24.336 [JavaFX Application Thread] INFO  Engine               -       Ask questions and discuss at: https://github.com/AlmasB/FXGL/discussions
16:11:24.336 [JavaFX Application Thread] INFO  Engine               -              Join the FXGL chat at: https://gitter.im/AlmasB/FXGL
16:11:24.404 [JavaFX Application Thread] DEBUG PrimaryStageWindow   - Creating a JavaFX scene
16:11:24.444 [JavaFX Application Thread] DEBUG PrimaryStageWindow   - Target settings size: 600.0 x 600.0
16:11:24.444 [JavaFX Application Thread] DEBUG PrimaryStageWindow   - Scaled scene size:    600.0 x 600.0
16:11:24.444 [JavaFX Application Thread] DEBUG PrimaryStageWindow   - Scaled ratio: (1.0, 1.0)
16:11:24.446 [JavaFX Application Thread] DEBUG PrimaryStageWindow   - Set initial scene to FXGLStartupScene
16:11:24.448 [JavaFX Application Thread] DEBUG PrimaryStageWindow   - Opening main window
16:11:24.520 [JavaFX Application Thread] DEBUG PrimaryStageWindow   - Window border size: (14.66668701171875, 37.33331298828125)
16:11:24.521 [JavaFX Application Thread] DEBUG PrimaryStageWindow   - Scaled size: 600.0 x 600.0
16:11:24.521 [JavaFX Application Thread] DEBUG PrimaryStageWindow   - Scaled ratio: (1.0, 1.0)
16:11:24.521 [JavaFX Application Thread] DEBUG PrimaryStageWindow   - Scene size: 600.0 x 600.0
16:11:24.521 [JavaFX Application Thread] DEBUG PrimaryStageWindow   - Stage size: 614.6666870117188 x 637.3333129882812
16:11:24.529 [FXGL Background Thread 1 ] DEBUG Engine               - Initializing environment variables
16:11:24.596 [FXGL Background Thread 1 ] DEBUG FXGLAssetLoaderServi - User app class for loading assets: class clueless.zombiesattack.Game
16:11:24.597 [FXGL Background Thread 1 ] DEBUG GameApplicationServi - Applying CSS: fxgl_dark.css
16:11:24.598 [FXGL Background Thread 1 ] DEBUG FXGLAssetLoaderServi - Loading from file system: jar:file:///C:/Users/g_gab/.m2/repository/com/github/almasb/fxgl/17.3/fxgl-17.3.jar!/fxglassets/ui/css/fxgl_dark.css
16:11:24.644 [FXGL Background Thread 1 ] DEBUG GameApplicationServi - Initializing application scenes
16:11:24.684 [FXGL Background Thread 1 ] DEBUG GameWorld            - Game world initialized
16:11:24.762 [FXGL Background Thread 1 ] DEBUG PhysicsWorld         - Physics world initialized: appHeight=600, physics.ppm=50,0
16:11:24.762 [FXGL Background Thread 1 ] DEBUG PhysicsWorld         - Using strategy: BRUTE_FORCE
16:11:24.765 [FXGL Background Thread 1 ] DEBUG GameScene            - Game scene initialized: 600x600
16:11:24.776 [FXGL Background Thread 1 ] WARN  FXGL.DefaultMenu     - FXGLDefaultMenu is not designed for resolutions < 800x600
16:11:24.777 [FXGL Background Thread 1 ] DEBUG FXGL.DefaultMenu     - createMenuBodyGameMenu()
16:11:24.787 [FXGL Background Thread 1 ] DEBUG FXGL.DefaultMenu     - createOptionsMenu()
16:11:24.796 [FXGL Background Thread 1 ] DEBUG FXGLAssetLoaderServi - Loading from file system: jar:file:///C:/Users/g_gab/.m2/repository/com/github/almasb/fxgl/17.3/fxgl-17.3.jar!/fxglassets/textures/particles/smoke.png
16:11:24.877 [FXGL Background Thread 1 ] DEBUG FXGLAssetLoaderServi - Loading from file system: jar:file:///C:/Users/g_gab/.m2/repository/com/github/almasb/fxgl/17.3/fxgl-17.3.jar!/fxglassets/textures/particles/trace_horizontal.png
16:11:24.904 [FXGL Background Thread 1 ] DEBUG GameApplicationServi - Application scenes initialized
16:11:24.913 [FXGL Background Thread 1 ] DEBUG SystemBundleService  - Loading FXGL system data
16:11:24.918 [FXGL Background Thread 1 ] DEBUG FileSystemAccess     - Reading from: C:\Game\Clueless\system\fxgl.bundle
16:11:24.923 [FXGL Background Thread 1 ] DEBUG SystemBundleService  - Bundle FXGL: {}
16:11:24.923 [FXGL Background Thread 1 ] DEBUG UpdaterService       - Checking for updates
16:11:24.927 [FXGL Background Thread 4 ] DEBUG FXGLApplication      - Loading fonts
16:11:24.928 [FXGL Background Thread 4 ] DEBUG FXGLAssetLoaderServi - Loading from file system: jar:file:///C:/Users/g_gab/.m2/repository/com/github/almasb/fxgl/17.3/fxgl-17.3.jar!/fxglassets/ui/fonts/VarelaRound-Regular.ttf
16:11:24.928 [FXGL Background Thread 1 ] DEBUG FXGLApplication      - Loading default localization
16:11:24.929 [FXGL Background Thread 1 ] DEBUG FXGLAssetLoaderServi - Loading from file system: jar:file:///C:/Users/g_gab/.m2/repository/com/github/almasb/fxgl/17.3/fxgl-17.3.jar!/fxglassets/languages/english.lang
16:11:24.954 [FXGL Background Thread 1 ] INFO  FXGLApplication      - FXGL initialization took: 0,425 sec
16:11:24.955 [JavaFX Application Thread] DEBUG FXGLAssetLoaderServi - Loading from file system: jar:file:///C:/Users/g_gab/.m2/repository/com/github/almasb/fxgl/17.3/fxgl-17.3.jar!/fxglassets/textures/fxgl_icon.png
16:11:24.970 [FXGL Background Thread 4 ] DEBUG FXGLAssetLoaderServi - Loading from file system: jar:file:///C:/Users/g_gab/.m2/repository/com/github/almasb/fxgl/17.3/fxgl-17.3.jar!/fxglassets/ui/fonts/Abel-Regular.ttf
16:11:24.974 [JavaFX Application Thread] DEBUG FXGLAssetLoaderServi - Loading from file system: jar:file:///C:/Users/g_gab/.m2/repository/com/github/almasb/fxgl/17.3/fxgl-17.3.jar!/fxglassets/textures/fxgl_default_cursor.png
16:11:24.986 [FXGL Background Thread 4 ] DEBUG FXGLAssetLoaderServi - Loading from file system: jar:file:///C:/Users/g_gab/.m2/repository/com/github/almasb/fxgl/17.3/fxgl-17.3.jar!/fxglassets/ui/fonts/TerminalLandMono-Regular.otf
16:11:24.986 [JavaFX Application Thread] DEBUG Input                - Registered new binding: Screenshot - CTRL+8
16:11:24.987 [JavaFX Application Thread] DEBUG Input                - Registered new binding: System info dump - CTRL+9
16:11:24.987 [JavaFX Application Thread] DEBUG Input                - Registered new binding: Restart - CTRL+R
16:11:24.988 [JavaFX Application Thread] DEBUG Input                - Registered new binding: Toggle Debug Camera - CTRL+7
16:11:24.992 [JavaFX Application Thread] DEBUG LoopRunner           - Starting loop
16:11:24.992 [JavaFX Application Thread] DEBUG LoopRunner           - Initializing JavaFX AnimationTimerLoop
16:11:24.994 [JavaFX Application Thread] DEBUG GameApplicationServi - Starting new game
16:11:24.996 [JavaFX Application Thread] DEBUG Input                - Clearing active input actions
16:11:25.000 [FXGL Background Thread 4 ] DEBUG FXGLAssetLoaderServi - Loading from file system: jar:file:///C:/Users/g_gab/.m2/repository/com/github/almasb/fxgl/17.3/fxgl-17.3.jar!/fxglassets/ui/fonts/Courier-Prime.ttf
16:11:25.008 [JavaFX Application Thread] DEBUG GameApplicationServi - Removing overlay from FXGLStartupScene and adding to FXGLLoadingScene
16:11:25.008 [JavaFX Application Thread] DEBUG PrimaryStageWindow   - FXGLStartupScene -> FXGLLoadingScene
16:11:25.009 [JavaFX Application Thread] DEBUG GameApplicationServi - Clearing previous game
16:11:25.009 [JavaFX Application Thread] DEBUG GameScene            - Clearing game scene
16:11:25.009 [JavaFX Application Thread] DEBUG GameWorld            - Clearing game world
16:11:25.009 [JavaFX Application Thread] DEBUG PhysicsWorld         - Clearing physics world
16:11:25.010 [FXGL Background Thread 1 ] DEBUG FXGLApplication      - Initializing game
16:11:25.012 [FXGL Background Thread 1 ] INFO  FXGLApplication      - Game initialization took: 0,001 sec
16:11:25.044 [JavaFX Application Thread] DEBUG Input                - Clearing active input actions
16:11:25.053 [JavaFX Application Thread] DEBUG GameApplicationServi - Removing overlay from FXGLLoadingScene and adding to GameScene
16:11:25.053 [JavaFX Application Thread] DEBUG PrimaryStageWindow   - FXGLLoadingScene -> GameScene
16:11:25.053 [JavaFX Application Thread] DEBUG FXGLApplication      - Registering font factories with UI factory
16:11:25.600 [FXGL Background Thread 2 ] INFO  UpdaterService       - Your current version:  17.3
16:11:25.600 [FXGL Background Thread 2 ] INFO  UpdaterService       - Latest stable version: 21.1
16:11:27.197 [JavaFX Application Thread] DEBUG FXGLApplication      - Exiting FXGL
16:11:27.198 [JavaFX Application Thread] DEBUG LoopRunner           - Stopping loop
16:11:27.198 [JavaFX Application Thread] DEBUG SystemBundleService  - Saving FXGL system data
16:11:27.201 [JavaFX Application Thread] DEBUG FileSystemAccess     - Writing to: C:\Game\Clueless\system\fxgl.bundle
16:11:27.203 [JavaFX Application Thread] DEBUG Async                - Shutting down background threads
16:11:27.203 [JavaFX Application Thread] DEBUG PrimaryStageWindow   - Closing main window
16:11:27.215 [JavaFX Application Thread] DEBUG Logger               - Closing Logger
