17:46:20.401 [main                     ] DEBUG Logger               - Configured Logger
17:46:20.431 [main                     ] DEBUG GameApplication      - Logging settings
Title: ZombieAttack
Version: 0.1
Width: 1200
Height: 600
Fullscreen: false
Intro: false
Profiling: false
Single step:false
App Mode: DEVELOPER
Menu Key: ESCAPE
Stage Style: DECORATED
Scene Factory: class com.almasb.fxgl.app.scene.SceneFactory

17:46:20.774 [JavaFX Application Thread] DEBUG FXGLApplication      - Initializing FXGL
17:46:20.780 [JavaFX Application Thread] INFO  Engine               - FXGL-17.3 (30.03.2023 11.49) on WINDOWS (J:22.0.1 FX:22-ea)
17:46:20.781 [JavaFX Application Thread] DEBUG Engine               - JRE Vendor Name: Oracle Corporation
17:46:20.781 [JavaFX Application Thread] DEBUG Engine               - Running on OS: Windows 11 version 10.0
17:46:20.782 [JavaFX Application Thread] DEBUG Engine               - Architecture: amd64
17:46:20.782 [JavaFX Application Thread] INFO  Engine               - Source code and latest versions at: https://github.com/AlmasB/FXGL
17:46:20.782 [JavaFX Application Thread] INFO  Engine               -       Ask questions and discuss at: https://github.com/AlmasB/FXGL/discussions
17:46:20.782 [JavaFX Application Thread] INFO  Engine               -              Join the FXGL chat at: https://gitter.im/AlmasB/FXGL
17:46:20.882 [JavaFX Application Thread] DEBUG PrimaryStageWindow   - Creating a JavaFX scene
17:46:20.933 [JavaFX Application Thread] DEBUG PrimaryStageWindow   - Target settings size: 1200.0 x 600.0
17:46:20.933 [JavaFX Application Thread] DEBUG PrimaryStageWindow   - Scaled scene size:    1200.0 x 600.0
17:46:20.934 [JavaFX Application Thread] DEBUG PrimaryStageWindow   - Scaled ratio: (1.0, 1.0)
17:46:20.935 [JavaFX Application Thread] DEBUG PrimaryStageWindow   - Set initial scene to FXGLStartupScene
17:46:20.939 [JavaFX Application Thread] DEBUG PrimaryStageWindow   - Opening main window
17:46:21.035 [JavaFX Application Thread] DEBUG PrimaryStageWindow   - Window border size: (14.6666259765625, 37.33331298828125)
17:46:21.036 [JavaFX Application Thread] DEBUG PrimaryStageWindow   - Scaled size: 1200.0 x 600.0
17:46:21.036 [JavaFX Application Thread] DEBUG PrimaryStageWindow   - Scaled ratio: (1.0, 1.0)
17:46:21.036 [JavaFX Application Thread] DEBUG PrimaryStageWindow   - Scene size: 1200.0 x 600.0
17:46:21.037 [JavaFX Application Thread] DEBUG PrimaryStageWindow   - Stage size: 1214.6666259765625 x 637.3333129882812
17:46:21.049 [FXGL Background Thread 1 ] DEBUG Engine               - Initializing environment variables
17:46:21.126 [FXGL Background Thread 1 ] DEBUG FXGLAssetLoaderServi - User app class for loading assets: class clueless.zombiesattack.Game
17:46:21.126 [FXGL Background Thread 1 ] DEBUG GameApplicationServi - Applying CSS: fxgl_dark.css
17:46:21.128 [FXGL Background Thread 1 ] DEBUG FXGLAssetLoaderServi - Loading from file system: jar:file:///C:/Users/g_gab/.m2/repository/com/github/almasb/fxgl/17.3/fxgl-17.3.jar!/fxglassets/ui/css/fxgl_dark.css
17:46:21.196 [FXGL Background Thread 1 ] DEBUG GameApplicationServi - Initializing application scenes
17:46:21.250 [FXGL Background Thread 1 ] DEBUG GameWorld            - Game world initialized
17:46:21.335 [FXGL Background Thread 1 ] DEBUG PhysicsWorld         - Physics world initialized: appHeight=600, physics.ppm=50,0
17:46:21.335 [FXGL Background Thread 1 ] DEBUG PhysicsWorld         - Using strategy: BRUTE_FORCE
17:46:21.340 [FXGL Background Thread 1 ] DEBUG GameScene            - Game scene initialized: 1200x600
17:46:21.353 [FXGL Background Thread 1 ] DEBUG FXGL.DefaultMenu     - createMenuBodyGameMenu()
17:46:21.364 [FXGL Background Thread 1 ] DEBUG FXGL.DefaultMenu     - createOptionsMenu()
17:46:21.375 [FXGL Background Thread 1 ] DEBUG FXGLAssetLoaderServi - Loading from file system: jar:file:///C:/Users/g_gab/.m2/repository/com/github/almasb/fxgl/17.3/fxgl-17.3.jar!/fxglassets/textures/particles/smoke.png
17:46:21.482 [FXGL Background Thread 1 ] DEBUG FXGLAssetLoaderServi - Loading from file system: jar:file:///C:/Users/g_gab/.m2/repository/com/github/almasb/fxgl/17.3/fxgl-17.3.jar!/fxglassets/textures/particles/trace_horizontal.png
17:46:21.526 [FXGL Background Thread 1 ] DEBUG GameApplicationServi - Application scenes initialized
17:46:21.541 [FXGL Background Thread 1 ] DEBUG SystemBundleService  - Loading FXGL system data
17:46:21.545 [FXGL Background Thread 1 ] DEBUG FileSystemAccess     - Reading from: C:\Game\Clueless\system\fxgl.bundle
17:46:21.553 [FXGL Background Thread 1 ] DEBUG SystemBundleService  - Bundle FXGL: {}
17:46:21.553 [FXGL Background Thread 1 ] DEBUG UpdaterService       - Checking for updates
17:46:21.558 [FXGL Background Thread 4 ] DEBUG FXGLApplication      - Loading fonts
17:46:21.559 [FXGL Background Thread 1 ] DEBUG FXGLApplication      - Loading default localization
17:46:21.559 [FXGL Background Thread 4 ] DEBUG FXGLAssetLoaderServi - Loading from file system: jar:file:///C:/Users/g_gab/.m2/repository/com/github/almasb/fxgl/17.3/fxgl-17.3.jar!/fxglassets/ui/fonts/VarelaRound-Regular.ttf
17:46:21.559 [FXGL Background Thread 1 ] DEBUG FXGLAssetLoaderServi - Loading from file system: jar:file:///C:/Users/g_gab/.m2/repository/com/github/almasb/fxgl/17.3/fxgl-17.3.jar!/fxglassets/languages/english.lang
17:46:21.582 [FXGL Background Thread 1 ] INFO  FXGLApplication      - FXGL initialization took: 0,533 sec
17:46:21.596 [JavaFX Application Thread] DEBUG Input                - Registered new binding: action0 - D
17:46:21.597 [JavaFX Application Thread] DEBUG Input                - Registered new binding: action1 - A
17:46:21.598 [JavaFX Application Thread] DEBUG FXGLAssetLoaderServi - Loading from file system: jar:file:///C:/Users/g_gab/.m2/repository/com/github/almasb/fxgl/17.3/fxgl-17.3.jar!/fxglassets/textures/fxgl_icon.png
17:46:21.613 [FXGL Background Thread 4 ] DEBUG FXGLAssetLoaderServi - Loading from file system: jar:file:///C:/Users/g_gab/.m2/repository/com/github/almasb/fxgl/17.3/fxgl-17.3.jar!/fxglassets/ui/fonts/Abel-Regular.ttf
17:46:21.624 [JavaFX Application Thread] DEBUG FXGLAssetLoaderServi - Loading from file system: jar:file:///C:/Users/g_gab/.m2/repository/com/github/almasb/fxgl/17.3/fxgl-17.3.jar!/fxglassets/textures/fxgl_default_cursor.png
17:46:21.626 [FXGL Background Thread 4 ] DEBUG FXGLAssetLoaderServi - Loading from file system: jar:file:///C:/Users/g_gab/.m2/repository/com/github/almasb/fxgl/17.3/fxgl-17.3.jar!/fxglassets/ui/fonts/TerminalLandMono-Regular.otf
17:46:21.626 [JavaFX Application Thread] DEBUG Input                - Registered new binding: Screenshot - CTRL+8
17:46:21.627 [JavaFX Application Thread] DEBUG Input                - Registered new binding: System info dump - CTRL+9
17:46:21.628 [JavaFX Application Thread] DEBUG Input                - Registered new binding: Restart - CTRL+R
17:46:21.628 [JavaFX Application Thread] DEBUG Input                - Registered new binding: Toggle Debug Camera - CTRL+7
17:46:21.632 [JavaFX Application Thread] DEBUG LoopRunner           - Starting loop
17:46:21.632 [JavaFX Application Thread] DEBUG LoopRunner           - Initializing JavaFX AnimationTimerLoop
17:46:21.634 [JavaFX Application Thread] DEBUG GameApplicationServi - Starting new game
17:46:21.634 [JavaFX Application Thread] DEBUG Input                - Clearing active input actions
17:46:21.640 [FXGL Background Thread 4 ] DEBUG FXGLAssetLoaderServi - Loading from file system: jar:file:///C:/Users/g_gab/.m2/repository/com/github/almasb/fxgl/17.3/fxgl-17.3.jar!/fxglassets/ui/fonts/Courier-Prime.ttf
17:46:21.651 [JavaFX Application Thread] DEBUG GameApplicationServi - Removing overlay from FXGLStartupScene and adding to FXGLLoadingScene
17:46:21.651 [JavaFX Application Thread] DEBUG PrimaryStageWindow   - FXGLStartupScene -> FXGLLoadingScene
17:46:21.652 [JavaFX Application Thread] DEBUG GameApplicationServi - Clearing previous game
17:46:21.652 [JavaFX Application Thread] DEBUG GameScene            - Clearing game scene
17:46:21.652 [JavaFX Application Thread] DEBUG GameWorld            - Clearing game world
17:46:21.652 [JavaFX Application Thread] DEBUG PhysicsWorld         - Clearing physics world
17:46:21.654 [FXGL Background Thread 1 ] DEBUG FXGLApplication      - Initializing game
17:46:21.660 [FXGL Background Thread 1 ] WARN  FXGLAssetLoaderServi - Asset "/assets/textures/brick.png" was not found!
17:46:21.661 [FXGL Background Thread 1 ] WARN  FXGLAssetLoaderServi - Failed to load IMAGE
17:46:21.704 [JavaFX Application Thread] DEBUG FXGLApplication      - Registering font factories with UI factory
17:46:21.843 [FXGL Background Thread 1 ] WARN  FXGLAssetLoaderServi - Asset "/assets/textures/pixil.png" was not found!
17:46:21.843 [FXGL Background Thread 1 ] WARN  FXGLAssetLoaderServi - Failed to load IMAGE
17:46:21.844 [FXGL Background Thread 1 ] INFO  FXGLApplication      - Game initialization took: 0,190 sec
17:46:21.857 [JavaFX Application Thread] DEBUG Input                - Clearing active input actions
17:46:21.872 [JavaFX Application Thread] DEBUG GameApplicationServi - Removing overlay from FXGLLoadingScene and adding to GameScene
17:46:21.872 [JavaFX Application Thread] DEBUG PrimaryStageWindow   - FXGLLoadingScene -> GameScene
17:46:22.434 [FXGL Background Thread 2 ] INFO  UpdaterService       - Your current version:  17.3
17:46:22.434 [FXGL Background Thread 2 ] INFO  UpdaterService       - Latest stable version: 21.1
17:46:24.558 [FXGL Background Thread 3 ] DEBUG Engine               - Logging environment variables
17:46:24.559 [FXGL Background Thread 3 ] DEBUG Engine               - achievements: []
17:46:24.559 [FXGL Background Thread 3 ] DEBUG Engine               - actualHeight: 600.0
17:46:24.559 [FXGL Background Thread 3 ] DEBUG Engine               - actualHeightProperty: ReadOnlyDoubleProperty [value: 600.0]
17:46:24.559 [FXGL Background Thread 3 ] DEBUG Engine               - actualWidth: 1200.0
17:46:24.559 [FXGL Background Thread 3 ] DEBUG Engine               - actualWidthProperty: ReadOnlyDoubleProperty [value: 1200.0]
17:46:24.559 [FXGL Background Thread 3 ] DEBUG Engine               - appIcon: fxgl_icon.png
17:46:24.559 [FXGL Background Thread 3 ] DEBUG Engine               - applicationMode: DEVELOPER
17:46:24.559 [FXGL Background Thread 3 ] DEBUG Engine               - cSSList: [fxgl_dark.css]
17:46:24.560 [FXGL Background Thread 3 ] DEBUG Engine               - collisionDetectionStrategy: BRUTE_FORCE
17:46:24.560 [FXGL Background Thread 3 ] DEBUG Engine               - configClass: Optional.empty
17:46:24.560 [FXGL Background Thread 3 ] DEBUG Engine               - credits: []
17:46:24.560 [FXGL Background Thread 3 ] DEBUG Engine               - defaultCursor: CursorInfo(imageName=fxgl_default_cursor.png, hotspotX=7.0, hotspotY=6.0)
17:46:24.560 [FXGL Background Thread 3 ] DEBUG Engine               - devBBoxColorProperty: ObjectProperty [value: 0xff0000ff]
17:46:24.560 [FXGL Background Thread 3 ] DEBUG Engine               - devEnableDebugCameraProperty: BooleanProperty [value: false]
17:46:24.561 [FXGL Background Thread 3 ] DEBUG Engine               - devSensorColorProperty: ObjectProperty [value: 0xffff00ff]
17:46:24.561 [FXGL Background Thread 3 ] DEBUG Engine               - devShowBBoxProperty: BooleanProperty [value: false]
17:46:24.561 [FXGL Background Thread 3 ] DEBUG Engine               - devShowPositionProperty: BooleanProperty [value: false]
17:46:24.561 [FXGL Background Thread 3 ] DEBUG Engine               - enabledMenuItems: []
17:46:24.561 [FXGL Background Thread 3 ] DEBUG Engine               - engineServices: [class com.almasb.fxgl.app.services.FXGLAssetLoaderService, class com.almasb.fxgl.app.FXGLApplication$GameApplicationService, class com.almasb.fxgl.app.services.FXGLDialogService, class com.almasb.fxgl.app.services.IOTaskExecutorService, class com.almasb.fxgl.io.FileSystemService, class com.almasb.fxgl.localization.LocalizationService, class com.almasb.fxgl.app.services.SystemBundleService, class com.almasb.fxgl.profile.SaveLoadService, class com.almasb.fxgl.ui.FXGLUIFactoryServiceProvider, class com.almasb.fxgl.ui.FXGLDialogFactoryServiceProvider, class com.almasb.fxgl.audio.AudioPlayer, class com.almasb.fxgl.notification.impl.NotificationServiceProvider, class com.almasb.fxgl.achievement.AchievementService, class com.almasb.fxgl.cutscene.CutsceneService, class com.almasb.fxgl.minigames.MiniGameService, class com.almasb.fxgl.net.NetService, class com.almasb.fxgl.app.services.UpdaterService, class com.almasb.fxgl.dev.DevService]
17:46:24.561 [FXGL Background Thread 3 ] DEBUG Engine               - fontGame: Abel-Regular.ttf
17:46:24.561 [FXGL Background Thread 3 ] DEBUG Engine               - fontMono: TerminalLandMono-Regular.otf
17:46:24.561 [FXGL Background Thread 3 ] DEBUG Engine               - fontSizeScaleUI: 1.0
17:46:24.561 [FXGL Background Thread 3 ] DEBUG Engine               - fontText: Courier-Prime.ttf
17:46:24.561 [FXGL Background Thread 3 ] DEBUG Engine               - fontUI: VarelaRound-Regular.ttf
17:46:24.561 [FXGL Background Thread 3 ] DEBUG Engine               - fullScreen: BooleanProperty [value: false]
17:46:24.562 [FXGL Background Thread 3 ] DEBUG Engine               - gameDifficulty: MEDIUM
17:46:24.562 [FXGL Background Thread 3 ] DEBUG Engine               - gameDifficultyProperty: ObjectProperty [value: MEDIUM]
17:46:24.562 [FXGL Background Thread 3 ] DEBUG Engine               - globalMusicVolume: 0.5
17:46:24.562 [FXGL Background Thread 3 ] DEBUG Engine               - globalMusicVolumeProperty: DoubleProperty [value: 0.5]
17:46:24.562 [FXGL Background Thread 3 ] DEBUG Engine               - globalSoundVolume: 0.5
17:46:24.562 [FXGL Background Thread 3 ] DEBUG Engine               - globalSoundVolumeProperty: DoubleProperty [value: 0.5]
17:46:24.562 [FXGL Background Thread 3 ] DEBUG Engine               - height: 600
17:46:24.562 [FXGL Background Thread 3 ] DEBUG Engine               - is3D: false
17:46:24.562 [FXGL Background Thread 3 ] DEBUG Engine               - isAndroid: false
17:46:24.562 [FXGL Background Thread 3 ] DEBUG Engine               - isBrowser: false
17:46:24.562 [FXGL Background Thread 3 ] DEBUG Engine               - isClickFeedbackEnabled: false
17:46:24.562 [FXGL Background Thread 3 ] DEBUG Engine               - isCloseConfirmation: false
17:46:24.562 [FXGL Background Thread 3 ] DEBUG Engine               - isDesktop: true
17:46:24.562 [FXGL Background Thread 3 ] DEBUG Engine               - isDeveloperMenuEnabled: false
17:46:24.562 [FXGL Background Thread 3 ] DEBUG Engine               - isEmbedded: false
17:46:24.562 [FXGL Background Thread 3 ] DEBUG Engine               - isEntityPreloadEnabled: true
17:46:24.562 [FXGL Background Thread 3 ] DEBUG Engine               - isExperimentalTiledLargeMap: false
17:46:24.562 [FXGL Background Thread 3 ] DEBUG Engine               - isFileSystemWriteAllowed: true
17:46:24.562 [FXGL Background Thread 3 ] DEBUG Engine               - isFullScreenAllowed: false
17:46:24.562 [FXGL Background Thread 3 ] DEBUG Engine               - isFullScreenFromStart: false
17:46:24.563 [FXGL Background Thread 3 ] DEBUG Engine               - isGameMenuEnabled: true
17:46:24.563 [FXGL Background Thread 3 ] DEBUG Engine               - isIOS: false
17:46:24.563 [FXGL Background Thread 3 ] DEBUG Engine               - isIntroEnabled: false
17:46:24.563 [FXGL Background Thread 3 ] DEBUG Engine               - isLinux: false
17:46:24.563 [FXGL Background Thread 3 ] DEBUG Engine               - isMac: false
17:46:24.563 [FXGL Background Thread 3 ] DEBUG Engine               - isMainMenuEnabled: false
17:46:24.563 [FXGL Background Thread 3 ] DEBUG Engine               - isManualResizeEnabled: false
17:46:24.563 [FXGL Background Thread 3 ] DEBUG Engine               - isMobile: false
17:46:24.563 [FXGL Background Thread 3 ] DEBUG Engine               - isNative: false
17:46:24.563 [FXGL Background Thread 3 ] DEBUG Engine               - isPauseMusicWhenMinimized: true
17:46:24.563 [FXGL Background Thread 3 ] DEBUG Engine               - isPreserveResizeRatio: false
17:46:24.563 [FXGL Background Thread 3 ] DEBUG Engine               - isProfilingEnabled: false
17:46:24.563 [FXGL Background Thread 3 ] DEBUG Engine               - isScaleAffectedOnResize: true
17:46:24.563 [FXGL Background Thread 3 ] DEBUG Engine               - isSingleStep: false
17:46:24.563 [FXGL Background Thread 3 ] DEBUG Engine               - isUserProfileEnabled: false
17:46:24.564 [FXGL Background Thread 3 ] DEBUG Engine               - isWindows: true
17:46:24.564 [FXGL Background Thread 3 ] DEBUG Engine               - language: ObjectProperty [value: ENGLISH]
17:46:24.564 [FXGL Background Thread 3 ] DEBUG Engine               - menuKey: ESCAPE
17:46:24.564 [FXGL Background Thread 3 ] DEBUG Engine               - mouseSensitivity: 0.2
17:46:24.564 [FXGL Background Thread 3 ] DEBUG Engine               - notificationViewClass: class com.almasb.fxgl.notification.view.XboxNotificationView
17:46:24.564 [FXGL Background Thread 3 ] DEBUG Engine               - pixelsPerMeter: 50.0
17:46:24.564 [FXGL Background Thread 3 ] DEBUG Engine               - platform: WINDOWS
17:46:24.564 [FXGL Background Thread 3 ] DEBUG Engine               - prefHeightProperty: ReadOnlyDoubleProperty [value: 600.0]
17:46:24.564 [FXGL Background Thread 3 ] DEBUG Engine               - prefWidthProperty: ReadOnlyDoubleProperty [value: 1200.0]
17:46:24.564 [FXGL Background Thread 3 ] DEBUG Engine               - profileDir: profiles/
17:46:24.564 [FXGL Background Thread 3 ] DEBUG Engine               - profileName: StringProperty [value: DEFAULT]
17:46:24.564 [FXGL Background Thread 3 ] DEBUG Engine               - randomSeed: -1
17:46:24.565 [FXGL Background Thread 3 ] DEBUG Engine               - runtimeInfo: RuntimeInfo(platform=WINDOWS, version=17.3, build=30.03.2023 11.49)
17:46:24.565 [FXGL Background Thread 3 ] DEBUG Engine               - saveFileExt: sav
17:46:24.565 [FXGL Background Thread 3 ] DEBUG Engine               - scaledHeightProp$fxgl: DoubleProperty [bound, value: 600.0]
17:46:24.565 [FXGL Background Thread 3 ] DEBUG Engine               - scaledWidthProp$fxgl: DoubleProperty [bound, value: 1200.0]
17:46:24.565 [FXGL Background Thread 3 ] DEBUG Engine               - sceneFactory: com.almasb.fxgl.app.scene.SceneFactory@2c49eeff
17:46:24.565 [FXGL Background Thread 3 ] DEBUG Engine               - secondsIn24h: 60
17:46:24.565 [FXGL Background Thread 3 ] DEBUG Engine               - soundMenuBack: menu/back.wav
17:46:24.565 [FXGL Background Thread 3 ] DEBUG Engine               - soundMenuPress: menu/press.wav
17:46:24.565 [FXGL Background Thread 3 ] DEBUG Engine               - soundMenuSelect: menu/select.wav
17:46:24.565 [FXGL Background Thread 3 ] DEBUG Engine               - soundNotification: core/notification.wav
17:46:24.565 [FXGL Background Thread 3 ] DEBUG Engine               - stageStyle: DECORATED
17:46:24.565 [FXGL Background Thread 3 ] DEBUG Engine               - supportedLanguages: [ENGLISH, FRENCH, GERMAN, HUNGARIAN, RUSSIAN]
17:46:24.565 [FXGL Background Thread 3 ] DEBUG Engine               - ticksPerSecond: -1
17:46:24.565 [FXGL Background Thread 3 ] DEBUG Engine               - title: ZombieAttack
17:46:24.565 [FXGL Background Thread 3 ] DEBUG Engine               - urlGithub: https://github.com/AlmasB/FXGL
17:46:24.566 [FXGL Background Thread 3 ] DEBUG Engine               - urlLeaderboard: http://fxgl-top.herokuapp.com/
17:46:24.566 [FXGL Background Thread 3 ] DEBUG Engine               - urlPOM: https://raw.githubusercontent.com/AlmasB/FXGL/release/README.md
17:46:24.566 [FXGL Background Thread 3 ] DEBUG Engine               - userAppClass: class clueless.zombiesattack.Game
17:46:24.566 [FXGL Background Thread 3 ] DEBUG Engine               - version: 0.1
17:46:24.566 [FXGL Background Thread 3 ] DEBUG Engine               - versionCheckDays: 7
17:46:24.566 [FXGL Background Thread 3 ] DEBUG Engine               - width: 1200
17:46:24.566 [FXGL Background Thread 3 ] DEBUG Engine               - Logging services
17:46:24.566 [FXGL Background Thread 3 ] DEBUG Engine               - class com.almasb.fxgl.app.services.FXGLAssetLoaderService
17:46:24.566 [FXGL Background Thread 3 ] DEBUG Engine               - class com.almasb.fxgl.app.FXGLApplication$GameApplicationService
17:46:24.566 [FXGL Background Thread 3 ] DEBUG Engine               - class com.almasb.fxgl.app.services.FXGLDialogService
17:46:24.566 [FXGL Background Thread 3 ] DEBUG Engine               - class com.almasb.fxgl.app.services.IOTaskExecutorService
17:46:24.566 [FXGL Background Thread 3 ] DEBUG Engine               - class com.almasb.fxgl.io.FileSystemService
17:46:24.566 [FXGL Background Thread 3 ] DEBUG Engine               - class com.almasb.fxgl.localization.LocalizationService
17:46:24.566 [FXGL Background Thread 3 ] DEBUG Engine               - class com.almasb.fxgl.app.services.SystemBundleService
17:46:24.566 [FXGL Background Thread 3 ] DEBUG Engine               - class com.almasb.fxgl.profile.SaveLoadService
17:46:24.566 [FXGL Background Thread 3 ] DEBUG Engine               - class com.almasb.fxgl.ui.FXGLUIFactoryServiceProvider
17:46:24.566 [FXGL Background Thread 3 ] DEBUG Engine               - class com.almasb.fxgl.ui.FXGLDialogFactoryServiceProvider
17:46:24.566 [FXGL Background Thread 3 ] DEBUG Engine               - class com.almasb.fxgl.audio.AudioPlayer
17:46:24.566 [FXGL Background Thread 3 ] DEBUG Engine               - class com.almasb.fxgl.notification.impl.NotificationServiceProvider
17:46:24.566 [FXGL Background Thread 3 ] DEBUG Engine               - class com.almasb.fxgl.achievement.AchievementService
17:46:24.566 [FXGL Background Thread 3 ] DEBUG Engine               - class com.almasb.fxgl.cutscene.CutsceneService
17:46:24.566 [FXGL Background Thread 3 ] DEBUG Engine               - class com.almasb.fxgl.minigames.MiniGameService
17:46:24.566 [FXGL Background Thread 3 ] DEBUG Engine               - class com.almasb.fxgl.net.NetService
17:46:24.567 [FXGL Background Thread 3 ] DEBUG Engine               - class com.almasb.fxgl.app.services.UpdaterService
17:46:24.567 [FXGL Background Thread 3 ] DEBUG Engine               - class com.almasb.fxgl.dev.DevService
17:46:29.895 [JavaFX Application Thread] DEBUG FXGLApplication      - Exiting FXGL
17:46:29.896 [JavaFX Application Thread] DEBUG LoopRunner           - Stopping loop
17:46:29.896 [JavaFX Application Thread] DEBUG SystemBundleService  - Saving FXGL system data
17:46:29.898 [JavaFX Application Thread] DEBUG FileSystemAccess     - Writing to: C:\Game\Clueless\system\fxgl.bundle
17:46:29.901 [JavaFX Application Thread] DEBUG Async                - Shutting down background threads
17:46:29.901 [JavaFX Application Thread] DEBUG PrimaryStageWindow   - Closing main window
17:46:29.916 [JavaFX Application Thread] DEBUG Logger               - Closing Logger
