16:36:45.976 [main                     ] DEBUG Logger               - Configured Logger
16:36:45.996 [main                     ] DEBUG GameApplication      - Logging settings
Title: ZombieAttack
Version: 0.1
Width: 1200
Height: 600
Fullscreen: false
Intro: false
Profiling: false
Single step:false
App Mode: DEVELOPER
Menu Key: ESCAPE
Stage Style: DECORATED
Scene Factory: class com.almasb.fxgl.app.scene.SceneFactory

16:36:46.239 [JavaFX Application Thread] DEBUG FXGLApplication      - Initializing FXGL
16:36:46.243 [JavaFX Application Thread] INFO  Engine               - FXGL-17.3 (30.03.2023 11.49) on WINDOWS (J:22.0.1 FX:22-ea)
16:36:46.243 [JavaFX Application Thread] DEBUG Engine               - JRE Vendor Name: Oracle Corporation
16:36:46.244 [JavaFX Application Thread] DEBUG Engine               - Running on OS: Windows 11 version 10.0
16:36:46.244 [JavaFX Application Thread] DEBUG Engine               - Architecture: amd64
16:36:46.244 [JavaFX Application Thread] INFO  Engine               - Source code and latest versions at: https://github.com/AlmasB/FXGL
16:36:46.244 [JavaFX Application Thread] INFO  Engine               -       Ask questions and discuss at: https://github.com/AlmasB/FXGL/discussions
16:36:46.244 [JavaFX Application Thread] INFO  Engine               -              Join the FXGL chat at: https://gitter.im/AlmasB/FXGL
16:36:46.313 [JavaFX Application Thread] DEBUG PrimaryStageWindow   - Creating a JavaFX scene
16:36:46.355 [JavaFX Application Thread] DEBUG PrimaryStageWindow   - Target settings size: 1200.0 x 600.0
16:36:46.356 [JavaFX Application Thread] DEBUG PrimaryStageWindow   - Scaled scene size:    1200.0 x 600.0
16:36:46.356 [JavaFX Application Thread] DEBUG PrimaryStageWindow   - Scaled ratio: (1.0, 1.0)
16:36:46.357 [JavaFX Application Thread] DEBUG PrimaryStageWindow   - Set initial scene to FXGLStartupScene
16:36:46.361 [JavaFX Application Thread] DEBUG PrimaryStageWindow   - Opening main window
16:36:46.425 [JavaFX Application Thread] DEBUG PrimaryStageWindow   - Window border size: (14.6666259765625, 37.33331298828125)
16:36:46.427 [JavaFX Application Thread] DEBUG PrimaryStageWindow   - Scaled size: 1200.0 x 600.0
16:36:46.427 [JavaFX Application Thread] DEBUG PrimaryStageWindow   - Scaled ratio: (1.0, 1.0)
16:36:46.427 [JavaFX Application Thread] DEBUG PrimaryStageWindow   - Scene size: 1200.0 x 600.0
16:36:46.427 [JavaFX Application Thread] DEBUG PrimaryStageWindow   - Stage size: 1214.6666259765625 x 637.3333129882812
16:36:46.434 [FXGL Background Thread 1 ] DEBUG Engine               - Initializing environment variables
16:36:46.491 [FXGL Background Thread 1 ] DEBUG FXGLAssetLoaderServi - User app class for loading assets: class clueless.zombiesattack.Game
16:36:46.491 [FXGL Background Thread 1 ] DEBUG GameApplicationServi - Applying CSS: fxgl_dark.css
16:36:46.492 [FXGL Background Thread 1 ] DEBUG FXGLAssetLoaderServi - Loading from file system: jar:file:///C:/Users/g_gab/.m2/repository/com/github/almasb/fxgl/17.3/fxgl-17.3.jar!/fxglassets/ui/css/fxgl_dark.css
16:36:46.535 [FXGL Background Thread 1 ] DEBUG GameApplicationServi - Initializing application scenes
16:36:46.569 [FXGL Background Thread 1 ] DEBUG GameWorld            - Game world initialized
16:36:46.644 [FXGL Background Thread 1 ] DEBUG PhysicsWorld         - Physics world initialized: appHeight=600, physics.ppm=50,0
16:36:46.644 [FXGL Background Thread 1 ] DEBUG PhysicsWorld         - Using strategy: BRUTE_FORCE
16:36:46.648 [FXGL Background Thread 1 ] DEBUG GameScene            - Game scene initialized: 1200x600
16:36:46.657 [FXGL Background Thread 1 ] DEBUG FXGL.DefaultMenu     - createMenuBodyGameMenu()
16:36:46.669 [FXGL Background Thread 1 ] DEBUG FXGL.DefaultMenu     - createOptionsMenu()
16:36:46.675 [FXGL Background Thread 1 ] DEBUG FXGLAssetLoaderServi - Loading from file system: jar:file:///C:/Users/g_gab/.m2/repository/com/github/almasb/fxgl/17.3/fxgl-17.3.jar!/fxglassets/textures/particles/smoke.png
16:36:46.751 [FXGL Background Thread 1 ] DEBUG FXGLAssetLoaderServi - Loading from file system: jar:file:///C:/Users/g_gab/.m2/repository/com/github/almasb/fxgl/17.3/fxgl-17.3.jar!/fxglassets/textures/particles/trace_horizontal.png
16:36:46.776 [FXGL Background Thread 1 ] DEBUG GameApplicationServi - Application scenes initialized
16:36:46.786 [FXGL Background Thread 1 ] DEBUG SystemBundleService  - Loading FXGL system data
16:36:46.792 [FXGL Background Thread 1 ] DEBUG FileSystemAccess     - Reading from: C:\Game\Clueless\system\fxgl.bundle
16:36:46.797 [FXGL Background Thread 1 ] DEBUG SystemBundleService  - Bundle FXGL: {}
16:36:46.797 [FXGL Background Thread 1 ] DEBUG UpdaterService       - Checking for updates
16:36:46.801 [FXGL Background Thread 4 ] DEBUG FXGLApplication      - Loading fonts
16:36:46.801 [FXGL Background Thread 4 ] DEBUG FXGLAssetLoaderServi - Loading from file system: jar:file:///C:/Users/g_gab/.m2/repository/com/github/almasb/fxgl/17.3/fxgl-17.3.jar!/fxglassets/ui/fonts/VarelaRound-Regular.ttf
16:36:46.802 [FXGL Background Thread 1 ] DEBUG FXGLApplication      - Loading default localization
16:36:46.802 [FXGL Background Thread 1 ] DEBUG FXGLAssetLoaderServi - Loading from file system: jar:file:///C:/Users/g_gab/.m2/repository/com/github/almasb/fxgl/17.3/fxgl-17.3.jar!/fxglassets/languages/english.lang
16:36:46.823 [FXGL Background Thread 1 ] INFO  FXGLApplication      - FXGL initialization took: 0,388 sec
16:36:46.834 [JavaFX Application Thread] DEBUG Input                - Registered new binding: action0 - D
16:36:46.834 [JavaFX Application Thread] DEBUG Input                - Registered new binding: action1 - A
16:36:46.835 [JavaFX Application Thread] DEBUG FXGLAssetLoaderServi - Loading from file system: jar:file:///C:/Users/g_gab/.m2/repository/com/github/almasb/fxgl/17.3/fxgl-17.3.jar!/fxglassets/textures/fxgl_icon.png
16:36:46.841 [FXGL Background Thread 4 ] DEBUG FXGLAssetLoaderServi - Loading from file system: jar:file:///C:/Users/g_gab/.m2/repository/com/github/almasb/fxgl/17.3/fxgl-17.3.jar!/fxglassets/ui/fonts/Abel-Regular.ttf
16:36:46.852 [FXGL Background Thread 4 ] DEBUG FXGLAssetLoaderServi - Loading from file system: jar:file:///C:/Users/g_gab/.m2/repository/com/github/almasb/fxgl/17.3/fxgl-17.3.jar!/fxglassets/ui/fonts/TerminalLandMono-Regular.otf
16:36:46.854 [JavaFX Application Thread] DEBUG FXGLAssetLoaderServi - Loading from file system: jar:file:///C:/Users/g_gab/.m2/repository/com/github/almasb/fxgl/17.3/fxgl-17.3.jar!/fxglassets/textures/fxgl_default_cursor.png
16:36:46.856 [JavaFX Application Thread] DEBUG Input                - Registered new binding: Screenshot - CTRL+8
16:36:46.856 [JavaFX Application Thread] DEBUG Input                - Registered new binding: System info dump - CTRL+9
16:36:46.857 [JavaFX Application Thread] DEBUG Input                - Registered new binding: Restart - CTRL+R
16:36:46.857 [JavaFX Application Thread] DEBUG Input                - Registered new binding: Toggle Debug Camera - CTRL+7
16:36:46.860 [JavaFX Application Thread] DEBUG LoopRunner           - Starting loop
16:36:46.861 [JavaFX Application Thread] DEBUG LoopRunner           - Initializing JavaFX AnimationTimerLoop
16:36:46.862 [JavaFX Application Thread] DEBUG GameApplicationServi - Starting new game
16:36:46.862 [JavaFX Application Thread] DEBUG Input                - Clearing active input actions
16:36:46.867 [FXGL Background Thread 4 ] DEBUG FXGLAssetLoaderServi - Loading from file system: jar:file:///C:/Users/g_gab/.m2/repository/com/github/almasb/fxgl/17.3/fxgl-17.3.jar!/fxglassets/ui/fonts/Courier-Prime.ttf
16:36:46.874 [JavaFX Application Thread] DEBUG GameApplicationServi - Removing overlay from FXGLStartupScene and adding to FXGLLoadingScene
16:36:46.875 [JavaFX Application Thread] DEBUG PrimaryStageWindow   - FXGLStartupScene -> FXGLLoadingScene
16:36:46.875 [JavaFX Application Thread] DEBUG GameApplicationServi - Clearing previous game
16:36:46.875 [JavaFX Application Thread] DEBUG GameScene            - Clearing game scene
16:36:46.875 [JavaFX Application Thread] DEBUG GameWorld            - Clearing game world
16:36:46.875 [JavaFX Application Thread] DEBUG PhysicsWorld         - Clearing physics world
16:36:46.877 [FXGL Background Thread 1 ] DEBUG FXGLApplication      - Initializing game
16:36:46.881 [FXGL Background Thread 1 ] WARN  FXGLAssetLoaderServi - Asset "/assets/textures/brick.png" was not found!
16:36:46.881 [FXGL Background Thread 1 ] WARN  FXGLAssetLoaderServi - Failed to load IMAGE
16:36:46.913 [JavaFX Application Thread] DEBUG FXGLApplication      - Registering font factories with UI factory
16:36:47.024 [FXGL Background Thread 1 ] WARN  FXGLAssetLoaderServi - Asset "/assets/textures/brick.png" was not found!
16:36:47.025 [FXGL Background Thread 1 ] WARN  FXGLAssetLoaderServi - Failed to load IMAGE
16:36:47.025 [FXGL Background Thread 1 ] INFO  FXGLApplication      - Game initialization took: 0,149 sec
16:36:47.033 [JavaFX Application Thread] DEBUG Input                - Clearing active input actions
16:36:47.040 [JavaFX Application Thread] DEBUG GameApplicationServi - Removing overlay from FXGLLoadingScene and adding to GameScene
16:36:47.040 [JavaFX Application Thread] DEBUG PrimaryStageWindow   - FXGLLoadingScene -> GameScene
16:36:47.568 [FXGL Background Thread 2 ] INFO  UpdaterService       - Your current version:  17.3
16:36:47.568 [FXGL Background Thread 2 ] INFO  UpdaterService       - Latest stable version: 21.1
16:36:49.800 [FXGL Background Thread 3 ] DEBUG Engine               - Logging environment variables
16:36:49.801 [FXGL Background Thread 3 ] DEBUG Engine               - achievements: []
16:36:49.801 [FXGL Background Thread 3 ] DEBUG Engine               - actualHeight: 600.0
16:36:49.801 [FXGL Background Thread 3 ] DEBUG Engine               - actualHeightProperty: ReadOnlyDoubleProperty [value: 600.0]
16:36:49.801 [FXGL Background Thread 3 ] DEBUG Engine               - actualWidth: 1200.0
16:36:49.801 [FXGL Background Thread 3 ] DEBUG Engine               - actualWidthProperty: ReadOnlyDoubleProperty [value: 1200.0]
16:36:49.801 [FXGL Background Thread 3 ] DEBUG Engine               - appIcon: fxgl_icon.png
16:36:49.801 [FXGL Background Thread 3 ] DEBUG Engine               - applicationMode: DEVELOPER
16:36:49.801 [FXGL Background Thread 3 ] DEBUG Engine               - cSSList: [fxgl_dark.css]
16:36:49.801 [FXGL Background Thread 3 ] DEBUG Engine               - collisionDetectionStrategy: BRUTE_FORCE
16:36:49.801 [FXGL Background Thread 3 ] DEBUG Engine               - configClass: Optional.empty
16:36:49.801 [FXGL Background Thread 3 ] DEBUG Engine               - credits: []
16:36:49.802 [FXGL Background Thread 3 ] DEBUG Engine               - defaultCursor: CursorInfo(imageName=fxgl_default_cursor.png, hotspotX=7.0, hotspotY=6.0)
16:36:49.802 [FXGL Background Thread 3 ] DEBUG Engine               - devBBoxColorProperty: ObjectProperty [value: 0xff0000ff]
16:36:49.802 [FXGL Background Thread 3 ] DEBUG Engine               - devEnableDebugCameraProperty: BooleanProperty [value: false]
16:36:49.802 [FXGL Background Thread 3 ] DEBUG Engine               - devSensorColorProperty: ObjectProperty [value: 0xffff00ff]
16:36:49.802 [FXGL Background Thread 3 ] DEBUG Engine               - devShowBBoxProperty: BooleanProperty [value: false]
16:36:49.802 [FXGL Background Thread 3 ] DEBUG Engine               - devShowPositionProperty: BooleanProperty [value: false]
16:36:49.802 [FXGL Background Thread 3 ] DEBUG Engine               - enabledMenuItems: []
16:36:49.802 [FXGL Background Thread 3 ] DEBUG Engine               - engineServices: [class com.almasb.fxgl.app.services.FXGLAssetLoaderService, class com.almasb.fxgl.app.FXGLApplication$GameApplicationService, class com.almasb.fxgl.app.services.FXGLDialogService, class com.almasb.fxgl.app.services.IOTaskExecutorService, class com.almasb.fxgl.io.FileSystemService, class com.almasb.fxgl.localization.LocalizationService, class com.almasb.fxgl.app.services.SystemBundleService, class com.almasb.fxgl.profile.SaveLoadService, class com.almasb.fxgl.ui.FXGLUIFactoryServiceProvider, class com.almasb.fxgl.ui.FXGLDialogFactoryServiceProvider, class com.almasb.fxgl.audio.AudioPlayer, class com.almasb.fxgl.notification.impl.NotificationServiceProvider, class com.almasb.fxgl.achievement.AchievementService, class com.almasb.fxgl.cutscene.CutsceneService, class com.almasb.fxgl.minigames.MiniGameService, class com.almasb.fxgl.net.NetService, class com.almasb.fxgl.app.services.UpdaterService, class com.almasb.fxgl.dev.DevService]
16:36:49.802 [FXGL Background Thread 3 ] DEBUG Engine               - fontGame: Abel-Regular.ttf
16:36:49.802 [FXGL Background Thread 3 ] DEBUG Engine               - fontMono: TerminalLandMono-Regular.otf
16:36:49.802 [FXGL Background Thread 3 ] DEBUG Engine               - fontSizeScaleUI: 1.0
16:36:49.802 [FXGL Background Thread 3 ] DEBUG Engine               - fontText: Courier-Prime.ttf
16:36:49.802 [FXGL Background Thread 3 ] DEBUG Engine               - fontUI: VarelaRound-Regular.ttf
16:36:49.803 [FXGL Background Thread 3 ] DEBUG Engine               - fullScreen: BooleanProperty [value: false]
16:36:49.803 [FXGL Background Thread 3 ] DEBUG Engine               - gameDifficulty: MEDIUM
16:36:49.803 [FXGL Background Thread 3 ] DEBUG Engine               - gameDifficultyProperty: ObjectProperty [value: MEDIUM]
16:36:49.803 [FXGL Background Thread 3 ] DEBUG Engine               - globalMusicVolume: 0.5
16:36:49.803 [FXGL Background Thread 3 ] DEBUG Engine               - globalMusicVolumeProperty: DoubleProperty [value: 0.5]
16:36:49.803 [FXGL Background Thread 3 ] DEBUG Engine               - globalSoundVolume: 0.5
16:36:49.803 [FXGL Background Thread 3 ] DEBUG Engine               - globalSoundVolumeProperty: DoubleProperty [value: 0.5]
16:36:49.803 [FXGL Background Thread 3 ] DEBUG Engine               - height: 600
16:36:49.803 [FXGL Background Thread 3 ] DEBUG Engine               - is3D: false
16:36:49.803 [FXGL Background Thread 3 ] DEBUG Engine               - isAndroid: false
16:36:49.803 [FXGL Background Thread 3 ] DEBUG Engine               - isBrowser: false
16:36:49.803 [FXGL Background Thread 3 ] DEBUG Engine               - isClickFeedbackEnabled: false
16:36:49.803 [FXGL Background Thread 3 ] DEBUG Engine               - isCloseConfirmation: false
16:36:49.803 [FXGL Background Thread 3 ] DEBUG Engine               - isDesktop: true
16:36:49.803 [FXGL Background Thread 3 ] DEBUG Engine               - isDeveloperMenuEnabled: false
16:36:49.803 [FXGL Background Thread 3 ] DEBUG Engine               - isEmbedded: false
16:36:49.804 [FXGL Background Thread 3 ] DEBUG Engine               - isEntityPreloadEnabled: true
16:36:49.804 [FXGL Background Thread 3 ] DEBUG Engine               - isExperimentalTiledLargeMap: false
16:36:49.804 [FXGL Background Thread 3 ] DEBUG Engine               - isFileSystemWriteAllowed: true
16:36:49.804 [FXGL Background Thread 3 ] DEBUG Engine               - isFullScreenAllowed: false
16:36:49.804 [FXGL Background Thread 3 ] DEBUG Engine               - isFullScreenFromStart: false
16:36:49.804 [FXGL Background Thread 3 ] DEBUG Engine               - isGameMenuEnabled: true
16:36:49.804 [FXGL Background Thread 3 ] DEBUG Engine               - isIOS: false
16:36:49.804 [FXGL Background Thread 3 ] DEBUG Engine               - isIntroEnabled: false
16:36:49.804 [FXGL Background Thread 3 ] DEBUG Engine               - isLinux: false
16:36:49.804 [FXGL Background Thread 3 ] DEBUG Engine               - isMac: false
16:36:49.804 [FXGL Background Thread 3 ] DEBUG Engine               - isMainMenuEnabled: false
16:36:49.804 [FXGL Background Thread 3 ] DEBUG Engine               - isManualResizeEnabled: false
16:36:49.804 [FXGL Background Thread 3 ] DEBUG Engine               - isMobile: false
16:36:49.804 [FXGL Background Thread 3 ] DEBUG Engine               - isNative: false
16:36:49.804 [FXGL Background Thread 3 ] DEBUG Engine               - isPauseMusicWhenMinimized: true
16:36:49.804 [FXGL Background Thread 3 ] DEBUG Engine               - isPreserveResizeRatio: false
16:36:49.804 [FXGL Background Thread 3 ] DEBUG Engine               - isProfilingEnabled: false
16:36:49.804 [FXGL Background Thread 3 ] DEBUG Engine               - isScaleAffectedOnResize: true
16:36:49.804 [FXGL Background Thread 3 ] DEBUG Engine               - isSingleStep: false
16:36:49.804 [FXGL Background Thread 3 ] DEBUG Engine               - isUserProfileEnabled: false
16:36:49.804 [FXGL Background Thread 3 ] DEBUG Engine               - isWindows: true
16:36:49.805 [FXGL Background Thread 3 ] DEBUG Engine               - language: ObjectProperty [value: ENGLISH]
16:36:49.805 [FXGL Background Thread 3 ] DEBUG Engine               - menuKey: ESCAPE
16:36:49.805 [FXGL Background Thread 3 ] DEBUG Engine               - mouseSensitivity: 0.2
16:36:49.805 [FXGL Background Thread 3 ] DEBUG Engine               - notificationViewClass: class com.almasb.fxgl.notification.view.XboxNotificationView
16:36:49.805 [FXGL Background Thread 3 ] DEBUG Engine               - pixelsPerMeter: 50.0
16:36:49.805 [FXGL Background Thread 3 ] DEBUG Engine               - platform: WINDOWS
16:36:49.805 [FXGL Background Thread 3 ] DEBUG Engine               - prefHeightProperty: ReadOnlyDoubleProperty [value: 600.0]
16:36:49.805 [FXGL Background Thread 3 ] DEBUG Engine               - prefWidthProperty: ReadOnlyDoubleProperty [value: 1200.0]
16:36:49.805 [FXGL Background Thread 3 ] DEBUG Engine               - profileDir: profiles/
16:36:49.805 [FXGL Background Thread 3 ] DEBUG Engine               - profileName: StringProperty [value: DEFAULT]
16:36:49.805 [FXGL Background Thread 3 ] DEBUG Engine               - randomSeed: -1
16:36:49.805 [FXGL Background Thread 3 ] DEBUG Engine               - runtimeInfo: RuntimeInfo(platform=WINDOWS, version=17.3, build=30.03.2023 11.49)
16:36:49.805 [FXGL Background Thread 3 ] DEBUG Engine               - saveFileExt: sav
16:36:49.805 [FXGL Background Thread 3 ] DEBUG Engine               - scaledHeightProp$fxgl: DoubleProperty [bound, value: 600.0]
16:36:49.805 [FXGL Background Thread 3 ] DEBUG Engine               - scaledWidthProp$fxgl: DoubleProperty [bound, value: 1200.0]
16:36:49.805 [FXGL Background Thread 3 ] DEBUG Engine               - sceneFactory: com.almasb.fxgl.app.scene.SceneFactory@26c5539b
16:36:49.805 [FXGL Background Thread 3 ] DEBUG Engine               - secondsIn24h: 60
16:36:49.805 [FXGL Background Thread 3 ] DEBUG Engine               - soundMenuBack: menu/back.wav
16:36:49.805 [FXGL Background Thread 3 ] DEBUG Engine               - soundMenuPress: menu/press.wav
16:36:49.805 [FXGL Background Thread 3 ] DEBUG Engine               - soundMenuSelect: menu/select.wav
16:36:49.805 [FXGL Background Thread 3 ] DEBUG Engine               - soundNotification: core/notification.wav
16:36:49.805 [FXGL Background Thread 3 ] DEBUG Engine               - stageStyle: DECORATED
16:36:49.805 [FXGL Background Thread 3 ] DEBUG Engine               - supportedLanguages: [ENGLISH, FRENCH, GERMAN, HUNGARIAN, RUSSIAN]
16:36:49.805 [FXGL Background Thread 3 ] DEBUG Engine               - ticksPerSecond: -1
16:36:49.805 [FXGL Background Thread 3 ] DEBUG Engine               - title: ZombieAttack
16:36:49.805 [FXGL Background Thread 3 ] DEBUG Engine               - urlGithub: https://github.com/AlmasB/FXGL
16:36:49.805 [FXGL Background Thread 3 ] DEBUG Engine               - urlLeaderboard: http://fxgl-top.herokuapp.com/
16:36:49.805 [FXGL Background Thread 3 ] DEBUG Engine               - urlPOM: https://raw.githubusercontent.com/AlmasB/FXGL/release/README.md
16:36:49.805 [FXGL Background Thread 3 ] DEBUG Engine               - userAppClass: class clueless.zombiesattack.Game
16:36:49.805 [FXGL Background Thread 3 ] DEBUG Engine               - version: 0.1
16:36:49.805 [FXGL Background Thread 3 ] DEBUG Engine               - versionCheckDays: 7
16:36:49.807 [FXGL Background Thread 3 ] DEBUG Engine               - width: 1200
16:36:49.807 [FXGL Background Thread 3 ] DEBUG Engine               - Logging services
16:36:49.807 [FXGL Background Thread 3 ] DEBUG Engine               - class com.almasb.fxgl.app.services.FXGLAssetLoaderService
16:36:49.807 [FXGL Background Thread 3 ] DEBUG Engine               - class com.almasb.fxgl.app.FXGLApplication$GameApplicationService
16:36:49.807 [FXGL Background Thread 3 ] DEBUG Engine               - class com.almasb.fxgl.app.services.FXGLDialogService
16:36:49.807 [FXGL Background Thread 3 ] DEBUG Engine               - class com.almasb.fxgl.app.services.IOTaskExecutorService
16:36:49.807 [FXGL Background Thread 3 ] DEBUG Engine               - class com.almasb.fxgl.io.FileSystemService
16:36:49.807 [FXGL Background Thread 3 ] DEBUG Engine               - class com.almasb.fxgl.localization.LocalizationService
16:36:49.807 [FXGL Background Thread 3 ] DEBUG Engine               - class com.almasb.fxgl.app.services.SystemBundleService
16:36:49.807 [FXGL Background Thread 3 ] DEBUG Engine               - class com.almasb.fxgl.profile.SaveLoadService
16:36:49.807 [FXGL Background Thread 3 ] DEBUG Engine               - class com.almasb.fxgl.ui.FXGLUIFactoryServiceProvider
16:36:49.807 [FXGL Background Thread 3 ] DEBUG Engine               - class com.almasb.fxgl.ui.FXGLDialogFactoryServiceProvider
16:36:49.807 [FXGL Background Thread 3 ] DEBUG Engine               - class com.almasb.fxgl.audio.AudioPlayer
16:36:49.807 [FXGL Background Thread 3 ] DEBUG Engine               - class com.almasb.fxgl.notification.impl.NotificationServiceProvider
16:36:49.807 [FXGL Background Thread 3 ] DEBUG Engine               - class com.almasb.fxgl.achievement.AchievementService
16:36:49.807 [FXGL Background Thread 3 ] DEBUG Engine               - class com.almasb.fxgl.cutscene.CutsceneService
16:36:49.807 [FXGL Background Thread 3 ] DEBUG Engine               - class com.almasb.fxgl.minigames.MiniGameService
16:36:49.807 [FXGL Background Thread 3 ] DEBUG Engine               - class com.almasb.fxgl.net.NetService
16:36:49.807 [FXGL Background Thread 3 ] DEBUG Engine               - class com.almasb.fxgl.app.services.UpdaterService
16:36:49.807 [FXGL Background Thread 3 ] DEBUG Engine               - class com.almasb.fxgl.dev.DevService
16:37:31.451 [JavaFX Application Thread] DEBUG FXGLApplication      - Exiting FXGL
16:37:31.452 [JavaFX Application Thread] DEBUG LoopRunner           - Stopping loop
16:37:31.452 [JavaFX Application Thread] DEBUG SystemBundleService  - Saving FXGL system data
16:37:31.454 [JavaFX Application Thread] DEBUG FileSystemAccess     - Writing to: C:\Game\Clueless\system\fxgl.bundle
16:37:31.455 [JavaFX Application Thread] DEBUG Async                - Shutting down background threads
16:37:31.455 [JavaFX Application Thread] DEBUG PrimaryStageWindow   - Closing main window
16:37:31.467 [JavaFX Application Thread] DEBUG Logger               - Closing Logger
