13:40:59.247 [main                     ] DEBUG Logger               - Configured Logger
13:40:59.282 [main                     ] DEBUG GameApplication      - Logging settings
Title: ZombieAttack
Version: 0.1
Width: 1200
Height: 600
Fullscreen: false
Intro: false
Profiling: false
Single step:false
App Mode: DEVELOPER
Menu Key: ESCAPE
Stage Style: DECORATED
Scene Factory: class com.almasb.fxgl.app.scene.SceneFactory

13:40:59.650 [JavaFX Application Thread] DEBUG FXGLApplication      - Initializing FXGL
13:40:59.655 [JavaFX Application Thread] INFO  Engine               - FXGL-17.3 (30.03.2023 11.49) on WINDOWS (J:22.0.1 FX:22-ea)
13:40:59.655 [JavaFX Application Thread] DEBUG Engine               - JRE Vendor Name: Oracle Corporation
13:40:59.656 [JavaFX Application Thread] DEBUG Engine               - Running on OS: Windows 11 version 10.0
13:40:59.656 [JavaFX Application Thread] DEBUG Engine               - Architecture: amd64
13:40:59.656 [JavaFX Application Thread] INFO  Engine               - Source code and latest versions at: https://github.com/AlmasB/FXGL
13:40:59.656 [JavaFX Application Thread] INFO  Engine               -       Ask questions and discuss at: https://github.com/AlmasB/FXGL/discussions
13:40:59.656 [JavaFX Application Thread] INFO  Engine               -              Join the FXGL chat at: https://gitter.im/AlmasB/FXGL
13:40:59.778 [JavaFX Application Thread] DEBUG PrimaryStageWindow   - Creating a JavaFX scene
13:40:59.842 [JavaFX Application Thread] DEBUG PrimaryStageWindow   - Target settings size: 1200.0 x 600.0
13:40:59.843 [JavaFX Application Thread] DEBUG PrimaryStageWindow   - Scaled scene size:    1200.0 x 600.0
13:40:59.844 [JavaFX Application Thread] DEBUG PrimaryStageWindow   - Scaled ratio: (1.0, 1.0)
13:40:59.845 [JavaFX Application Thread] DEBUG PrimaryStageWindow   - Set initial scene to FXGLStartupScene
13:40:59.849 [JavaFX Application Thread] DEBUG PrimaryStageWindow   - Opening main window
13:40:59.957 [JavaFX Application Thread] DEBUG PrimaryStageWindow   - Window border size: (14.6666259765625, 37.33331298828125)
13:40:59.958 [JavaFX Application Thread] DEBUG PrimaryStageWindow   - Scaled size: 1200.0 x 600.0
13:40:59.958 [JavaFX Application Thread] DEBUG PrimaryStageWindow   - Scaled ratio: (1.0, 1.0)
13:40:59.958 [JavaFX Application Thread] DEBUG PrimaryStageWindow   - Scene size: 1200.0 x 600.0
13:40:59.959 [JavaFX Application Thread] DEBUG PrimaryStageWindow   - Stage size: 1214.6666259765625 x 637.3333129882812
13:40:59.971 [FXGL Background Thread 1 ] DEBUG Engine               - Initializing environment variables
13:41:00.063 [FXGL Background Thread 1 ] DEBUG FXGLAssetLoaderServi - User app class for loading assets: class clueless.zombiesattack.Game
13:41:00.064 [FXGL Background Thread 1 ] DEBUG GameApplicationServi - Applying CSS: fxgl_dark.css
13:41:00.065 [FXGL Background Thread 1 ] DEBUG FXGLAssetLoaderServi - Loading from file system: jar:file:///C:/Users/g_gab/.m2/repository/com/github/almasb/fxgl/17.3/fxgl-17.3.jar!/fxglassets/ui/css/fxgl_dark.css
13:41:00.138 [FXGL Background Thread 1 ] DEBUG GameApplicationServi - Initializing application scenes
13:41:00.199 [FXGL Background Thread 1 ] DEBUG GameWorld            - Game world initialized
13:41:00.315 [FXGL Background Thread 1 ] DEBUG PhysicsWorld         - Physics world initialized: appHeight=600, physics.ppm=50,0
13:41:00.315 [FXGL Background Thread 1 ] DEBUG PhysicsWorld         - Using strategy: BRUTE_FORCE
13:41:00.321 [FXGL Background Thread 1 ] DEBUG GameScene            - Game scene initialized: 1200x600
13:41:00.334 [FXGL Background Thread 1 ] DEBUG FXGL.DefaultMenu     - createMenuBodyGameMenu()
13:41:00.349 [FXGL Background Thread 1 ] DEBUG FXGL.DefaultMenu     - createOptionsMenu()
13:41:00.361 [FXGL Background Thread 1 ] DEBUG FXGLAssetLoaderServi - Loading from file system: jar:file:///C:/Users/g_gab/.m2/repository/com/github/almasb/fxgl/17.3/fxgl-17.3.jar!/fxglassets/textures/particles/smoke.png
13:41:00.489 [FXGL Background Thread 1 ] DEBUG FXGLAssetLoaderServi - Loading from file system: jar:file:///C:/Users/g_gab/.m2/repository/com/github/almasb/fxgl/17.3/fxgl-17.3.jar!/fxglassets/textures/particles/trace_horizontal.png
13:41:00.536 [FXGL Background Thread 1 ] DEBUG GameApplicationServi - Application scenes initialized
13:41:00.549 [FXGL Background Thread 1 ] DEBUG SystemBundleService  - Loading FXGL system data
13:41:00.554 [FXGL Background Thread 1 ] DEBUG FileSystemAccess     - Reading from: C:\Game\Clueless\system\fxgl.bundle
13:41:00.563 [FXGL Background Thread 1 ] DEBUG SystemBundleService  - Bundle FXGL: {}
13:41:00.563 [FXGL Background Thread 1 ] DEBUG UpdaterService       - Checking for updates
13:41:00.569 [FXGL Background Thread 4 ] DEBUG FXGLApplication      - Loading fonts
13:41:00.570 [FXGL Background Thread 1 ] DEBUG FXGLApplication      - Loading default localization
13:41:00.570 [FXGL Background Thread 4 ] DEBUG FXGLAssetLoaderServi - Loading from file system: jar:file:///C:/Users/g_gab/.m2/repository/com/github/almasb/fxgl/17.3/fxgl-17.3.jar!/fxglassets/ui/fonts/VarelaRound-Regular.ttf
13:41:00.570 [FXGL Background Thread 1 ] DEBUG FXGLAssetLoaderServi - Loading from file system: jar:file:///C:/Users/g_gab/.m2/repository/com/github/almasb/fxgl/17.3/fxgl-17.3.jar!/fxglassets/languages/english.lang
13:41:00.612 [FXGL Background Thread 1 ] INFO  FXGLApplication      - FXGL initialization took: 0,641 sec
13:41:00.627 [FXGL Background Thread 4 ] DEBUG FXGLAssetLoaderServi - Loading from file system: jar:file:///C:/Users/g_gab/.m2/repository/com/github/almasb/fxgl/17.3/fxgl-17.3.jar!/fxglassets/ui/fonts/Abel-Regular.ttf
13:41:00.629 [JavaFX Application Thread] DEBUG Input                - Registered new binding: action0 - D
13:41:00.630 [JavaFX Application Thread] DEBUG Input                - Registered new binding: action1 - A
13:41:00.630 [JavaFX Application Thread] DEBUG FXGLAssetLoaderServi - Loading from file system: jar:file:///C:/Users/g_gab/.m2/repository/com/github/almasb/fxgl/17.3/fxgl-17.3.jar!/fxglassets/textures/fxgl_icon.png
13:41:00.642 [FXGL Background Thread 4 ] DEBUG FXGLAssetLoaderServi - Loading from file system: jar:file:///C:/Users/g_gab/.m2/repository/com/github/almasb/fxgl/17.3/fxgl-17.3.jar!/fxglassets/ui/fonts/TerminalLandMono-Regular.otf
13:41:00.656 [FXGL Background Thread 4 ] DEBUG FXGLAssetLoaderServi - Loading from file system: jar:file:///C:/Users/g_gab/.m2/repository/com/github/almasb/fxgl/17.3/fxgl-17.3.jar!/fxglassets/ui/fonts/Courier-Prime.ttf
13:41:00.664 [JavaFX Application Thread] DEBUG FXGLAssetLoaderServi - Loading from file system: jar:file:///C:/Users/g_gab/.m2/repository/com/github/almasb/fxgl/17.3/fxgl-17.3.jar!/fxglassets/textures/fxgl_default_cursor.png
13:41:00.667 [JavaFX Application Thread] DEBUG Input                - Registered new binding: Screenshot - CTRL+8
13:41:00.668 [JavaFX Application Thread] DEBUG Input                - Registered new binding: System info dump - CTRL+9
13:41:00.669 [JavaFX Application Thread] DEBUG Input                - Registered new binding: Restart - CTRL+R
13:41:00.669 [JavaFX Application Thread] DEBUG Input                - Registered new binding: Toggle Debug Camera - CTRL+7
13:41:00.673 [JavaFX Application Thread] DEBUG LoopRunner           - Starting loop
13:41:00.673 [JavaFX Application Thread] DEBUG LoopRunner           - Initializing JavaFX AnimationTimerLoop
13:41:00.675 [JavaFX Application Thread] DEBUG GameApplicationServi - Starting new game
13:41:00.676 [JavaFX Application Thread] DEBUG Input                - Clearing active input actions
13:41:00.696 [JavaFX Application Thread] DEBUG GameApplicationServi - Removing overlay from FXGLStartupScene and adding to FXGLLoadingScene
13:41:00.696 [JavaFX Application Thread] DEBUG PrimaryStageWindow   - FXGLStartupScene -> FXGLLoadingScene
13:41:00.696 [JavaFX Application Thread] DEBUG GameApplicationServi - Clearing previous game
13:41:00.696 [JavaFX Application Thread] DEBUG GameScene            - Clearing game scene
13:41:00.696 [JavaFX Application Thread] DEBUG GameWorld            - Clearing game world
13:41:00.697 [JavaFX Application Thread] DEBUG PhysicsWorld         - Clearing physics world
13:41:00.700 [FXGL Background Thread 4 ] DEBUG FXGLApplication      - Initializing game
13:41:00.700 [JavaFX Application Thread] DEBUG FXGLApplication      - Registering font factories with UI factory
13:41:00.704 [FXGL Background Thread 4 ] WARN  FXGLAssetLoaderServi - Asset "/assets/textures/brick.png" was not found!
13:41:00.704 [FXGL Background Thread 4 ] WARN  FXGLAssetLoaderServi - Failed to load IMAGE
13:41:00.915 [FXGL Background Thread 4 ] WARN  FXGLAssetLoaderServi - Asset "/assets/textures/brick.png" was not found!
13:41:00.916 [FXGL Background Thread 4 ] WARN  FXGLAssetLoaderServi - Failed to load IMAGE
13:41:00.919 [FXGL Background Thread 4 ] WARN  FXGLAssetLoaderServi - Asset "/assets/textures/pixil.png" was not found!
13:41:00.919 [FXGL Background Thread 4 ] WARN  FXGLAssetLoaderServi - Failed to load IMAGE
13:41:00.920 [FXGL Background Thread 4 ] INFO  FXGLApplication      - Game initialization took: 0,220 sec
13:41:00.938 [JavaFX Application Thread] DEBUG Input                - Clearing active input actions
13:41:00.953 [JavaFX Application Thread] DEBUG GameApplicationServi - Removing overlay from FXGLLoadingScene and adding to GameScene
13:41:00.954 [JavaFX Application Thread] DEBUG PrimaryStageWindow   - FXGLLoadingScene -> GameScene
13:41:01.702 [FXGL Background Thread 2 ] INFO  UpdaterService       - Your current version:  17.3
13:41:01.702 [FXGL Background Thread 2 ] INFO  UpdaterService       - Latest stable version: 21.1
13:41:03.041 [JavaFX Application Thread] DEBUG FXGLApplication      - Exiting FXGL
13:41:03.041 [JavaFX Application Thread] DEBUG LoopRunner           - Stopping loop
13:41:03.041 [JavaFX Application Thread] DEBUG SystemBundleService  - Saving FXGL system data
13:41:03.043 [JavaFX Application Thread] DEBUG FileSystemAccess     - Writing to: C:\Game\Clueless\system\fxgl.bundle
13:41:03.045 [JavaFX Application Thread] DEBUG Async                - Shutting down background threads
13:41:03.045 [JavaFX Application Thread] DEBUG PrimaryStageWindow   - Closing main window
13:41:03.071 [JavaFX Application Thread] DEBUG Logger               - Closing Logger
