17:42:15.897 [main                     ] DEBUG Logger               - Configured Logger
17:42:15.930 [main                     ] DEBUG GameApplication      - Logging settings
Title: ZombieAttack
Version: 0.1
Width: 1200
Height: 600
Fullscreen: false
Intro: false
Profiling: false
Single step:false
App Mode: DEVELOPER
Menu Key: ESCAPE
Stage Style: DECORATED
Scene Factory: class com.almasb.fxgl.app.scene.SceneFactory

17:42:16.271 [JavaFX Application Thread] DEBUG FXGLApplication      - Initializing FXGL
17:42:16.277 [JavaFX Application Thread] INFO  Engine               - FXGL-17.3 (30.03.2023 11.49) on WINDOWS (J:22.0.1 FX:22-ea)
17:42:16.277 [JavaFX Application Thread] DEBUG Engine               - JRE Vendor Name: Oracle Corporation
17:42:16.277 [JavaFX Application Thread] DEBUG Engine               - Running on OS: Windows 11 version 10.0
17:42:16.278 [JavaFX Application Thread] DEBUG Engine               - Architecture: amd64
17:42:16.278 [JavaFX Application Thread] INFO  Engine               - Source code and latest versions at: https://github.com/AlmasB/FXGL
17:42:16.278 [JavaFX Application Thread] INFO  Engine               -       Ask questions and discuss at: https://github.com/AlmasB/FXGL/discussions
17:42:16.278 [JavaFX Application Thread] INFO  Engine               -              Join the FXGL chat at: https://gitter.im/AlmasB/FXGL
17:42:16.380 [JavaFX Application Thread] DEBUG PrimaryStageWindow   - Creating a JavaFX scene
17:42:16.436 [JavaFX Application Thread] DEBUG PrimaryStageWindow   - Target settings size: 1200.0 x 600.0
17:42:16.437 [JavaFX Application Thread] DEBUG PrimaryStageWindow   - Scaled scene size:    1200.0 x 600.0
17:42:16.437 [JavaFX Application Thread] DEBUG PrimaryStageWindow   - Scaled ratio: (1.0, 1.0)
17:42:16.439 [JavaFX Application Thread] DEBUG PrimaryStageWindow   - Set initial scene to FXGLStartupScene
17:42:16.444 [JavaFX Application Thread] DEBUG PrimaryStageWindow   - Opening main window
17:42:16.554 [JavaFX Application Thread] DEBUG PrimaryStageWindow   - Window border size: (14.6666259765625, 37.33331298828125)
17:42:16.555 [JavaFX Application Thread] DEBUG PrimaryStageWindow   - Scaled size: 1200.0 x 600.0
17:42:16.555 [JavaFX Application Thread] DEBUG PrimaryStageWindow   - Scaled ratio: (1.0, 1.0)
17:42:16.556 [JavaFX Application Thread] DEBUG PrimaryStageWindow   - Scene size: 1200.0 x 600.0
17:42:16.556 [JavaFX Application Thread] DEBUG PrimaryStageWindow   - Stage size: 1214.6666259765625 x 637.3333129882812
17:42:16.564 [FXGL Background Thread 1 ] DEBUG Engine               - Initializing environment variables
17:42:16.649 [FXGL Background Thread 1 ] DEBUG FXGLAssetLoaderServi - User app class for loading assets: class clueless.zombiesattack.Game
17:42:16.650 [FXGL Background Thread 1 ] DEBUG GameApplicationServi - Applying CSS: fxgl_dark.css
17:42:16.651 [FXGL Background Thread 1 ] DEBUG FXGLAssetLoaderServi - Loading from file system: jar:file:///C:/Users/g_gab/.m2/repository/com/github/almasb/fxgl/17.3/fxgl-17.3.jar!/fxglassets/ui/css/fxgl_dark.css
17:42:16.723 [FXGL Background Thread 1 ] DEBUG GameApplicationServi - Initializing application scenes
17:42:16.771 [FXGL Background Thread 1 ] DEBUG GameWorld            - Game world initialized
17:42:16.854 [FXGL Background Thread 1 ] DEBUG PhysicsWorld         - Physics world initialized: appHeight=600, physics.ppm=50,0
17:42:16.854 [FXGL Background Thread 1 ] DEBUG PhysicsWorld         - Using strategy: BRUTE_FORCE
17:42:16.860 [FXGL Background Thread 1 ] DEBUG GameScene            - Game scene initialized: 1200x600
17:42:16.874 [FXGL Background Thread 1 ] DEBUG FXGL.DefaultMenu     - createMenuBodyGameMenu()
17:42:16.886 [FXGL Background Thread 1 ] DEBUG FXGL.DefaultMenu     - createOptionsMenu()
17:42:16.893 [FXGL Background Thread 1 ] DEBUG FXGLAssetLoaderServi - Loading from file system: jar:file:///C:/Users/g_gab/.m2/repository/com/github/almasb/fxgl/17.3/fxgl-17.3.jar!/fxglassets/textures/particles/smoke.png
17:42:16.998 [FXGL Background Thread 1 ] DEBUG FXGLAssetLoaderServi - Loading from file system: jar:file:///C:/Users/g_gab/.m2/repository/com/github/almasb/fxgl/17.3/fxgl-17.3.jar!/fxglassets/textures/particles/trace_horizontal.png
17:42:17.042 [FXGL Background Thread 1 ] DEBUG GameApplicationServi - Application scenes initialized
17:42:17.055 [FXGL Background Thread 1 ] DEBUG SystemBundleService  - Loading FXGL system data
17:42:17.060 [FXGL Background Thread 1 ] DEBUG FileSystemAccess     - Reading from: C:\Game\Clueless\system\fxgl.bundle
17:42:17.068 [FXGL Background Thread 1 ] DEBUG SystemBundleService  - Bundle FXGL: {}
17:42:17.068 [FXGL Background Thread 1 ] DEBUG UpdaterService       - Checking for updates
17:42:17.072 [FXGL Background Thread 4 ] DEBUG FXGLApplication      - Loading fonts
17:42:17.073 [FXGL Background Thread 4 ] DEBUG FXGLAssetLoaderServi - Loading from file system: jar:file:///C:/Users/g_gab/.m2/repository/com/github/almasb/fxgl/17.3/fxgl-17.3.jar!/fxglassets/ui/fonts/VarelaRound-Regular.ttf
17:42:17.075 [FXGL Background Thread 1 ] DEBUG FXGLApplication      - Loading default localization
17:42:17.075 [FXGL Background Thread 1 ] DEBUG FXGLAssetLoaderServi - Loading from file system: jar:file:///C:/Users/g_gab/.m2/repository/com/github/almasb/fxgl/17.3/fxgl-17.3.jar!/fxglassets/languages/english.lang
17:42:17.121 [FXGL Background Thread 1 ] INFO  FXGLApplication      - FXGL initialization took: 0,557 sec
17:42:17.126 [FXGL Background Thread 4 ] DEBUG FXGLAssetLoaderServi - Loading from file system: jar:file:///C:/Users/g_gab/.m2/repository/com/github/almasb/fxgl/17.3/fxgl-17.3.jar!/fxglassets/ui/fonts/Abel-Regular.ttf
17:42:17.136 [JavaFX Application Thread] DEBUG Input                - Registered new binding: action0 - D
17:42:17.137 [JavaFX Application Thread] DEBUG Input                - Registered new binding: action1 - A
17:42:17.138 [JavaFX Application Thread] DEBUG FXGLAssetLoaderServi - Loading from file system: jar:file:///C:/Users/g_gab/.m2/repository/com/github/almasb/fxgl/17.3/fxgl-17.3.jar!/fxglassets/textures/fxgl_icon.png
17:42:17.138 [FXGL Background Thread 4 ] DEBUG FXGLAssetLoaderServi - Loading from file system: jar:file:///C:/Users/g_gab/.m2/repository/com/github/almasb/fxgl/17.3/fxgl-17.3.jar!/fxglassets/ui/fonts/TerminalLandMono-Regular.otf
17:42:17.150 [FXGL Background Thread 4 ] DEBUG FXGLAssetLoaderServi - Loading from file system: jar:file:///C:/Users/g_gab/.m2/repository/com/github/almasb/fxgl/17.3/fxgl-17.3.jar!/fxglassets/ui/fonts/Courier-Prime.ttf
17:42:17.162 [JavaFX Application Thread] DEBUG FXGLAssetLoaderServi - Loading from file system: jar:file:///C:/Users/g_gab/.m2/repository/com/github/almasb/fxgl/17.3/fxgl-17.3.jar!/fxglassets/textures/fxgl_default_cursor.png
17:42:17.166 [JavaFX Application Thread] DEBUG Input                - Registered new binding: Screenshot - CTRL+8
17:42:17.167 [JavaFX Application Thread] DEBUG Input                - Registered new binding: System info dump - CTRL+9
17:42:17.167 [JavaFX Application Thread] DEBUG Input                - Registered new binding: Restart - CTRL+R
17:42:17.168 [JavaFX Application Thread] DEBUG Input                - Registered new binding: Toggle Debug Camera - CTRL+7
17:42:17.170 [JavaFX Application Thread] DEBUG LoopRunner           - Starting loop
17:42:17.170 [JavaFX Application Thread] DEBUG LoopRunner           - Initializing JavaFX AnimationTimerLoop
17:42:17.172 [JavaFX Application Thread] DEBUG GameApplicationServi - Starting new game
17:42:17.172 [JavaFX Application Thread] DEBUG Input                - Clearing active input actions
17:42:17.185 [JavaFX Application Thread] DEBUG GameApplicationServi - Removing overlay from FXGLStartupScene and adding to FXGLLoadingScene
17:42:17.186 [JavaFX Application Thread] DEBUG PrimaryStageWindow   - FXGLStartupScene -> FXGLLoadingScene
17:42:17.186 [JavaFX Application Thread] DEBUG GameApplicationServi - Clearing previous game
17:42:17.186 [JavaFX Application Thread] DEBUG GameScene            - Clearing game scene
17:42:17.186 [JavaFX Application Thread] DEBUG GameWorld            - Clearing game world
17:42:17.186 [JavaFX Application Thread] DEBUG PhysicsWorld         - Clearing physics world
17:42:17.188 [FXGL Background Thread 4 ] DEBUG FXGLApplication      - Initializing game
17:42:17.188 [JavaFX Application Thread] DEBUG FXGLApplication      - Registering font factories with UI factory
17:42:17.192 [FXGL Background Thread 4 ] WARN  FXGLAssetLoaderServi - Asset "/assets/textures/brick.png" was not found!
17:42:17.192 [FXGL Background Thread 4 ] WARN  FXGLAssetLoaderServi - Failed to load IMAGE
17:42:17.370 [FXGL Background Thread 4 ] WARN  FXGLAssetLoaderServi - Asset "/assets/textures/pixil.png" was not found!
17:42:17.371 [FXGL Background Thread 4 ] WARN  FXGLAssetLoaderServi - Failed to load IMAGE
17:42:17.371 [FXGL Background Thread 4 ] INFO  FXGLApplication      - Game initialization took: 0,184 sec
17:42:17.389 [JavaFX Application Thread] DEBUG Input                - Clearing active input actions
17:42:17.406 [JavaFX Application Thread] DEBUG GameApplicationServi - Removing overlay from FXGLLoadingScene and adding to GameScene
17:42:17.407 [JavaFX Application Thread] DEBUG PrimaryStageWindow   - FXGLLoadingScene -> GameScene
17:42:17.816 [FXGL Background Thread 2 ] INFO  UpdaterService       - Your current version:  17.3
17:42:17.817 [FXGL Background Thread 2 ] INFO  UpdaterService       - Latest stable version: 21.1
17:42:19.351 [JavaFX Application Thread] DEBUG FXGLApplication      - Exiting FXGL
17:42:19.351 [JavaFX Application Thread] DEBUG LoopRunner           - Stopping loop
17:42:19.351 [JavaFX Application Thread] DEBUG SystemBundleService  - Saving FXGL system data
17:42:19.354 [JavaFX Application Thread] DEBUG FileSystemAccess     - Writing to: C:\Game\Clueless\system\fxgl.bundle
17:42:19.356 [JavaFX Application Thread] DEBUG Async                - Shutting down background threads
17:42:19.356 [JavaFX Application Thread] DEBUG PrimaryStageWindow   - Closing main window
17:42:19.371 [JavaFX Application Thread] DEBUG Logger               - Closing Logger
