17:35:06.997 [main                     ] DEBUG Logger               - Configured Logger
17:35:07.025 [main                     ] DEBUG GameApplication      - Logging settings
Title: ZombieAttack
Version: 0.1
Width: 1200
Height: 600
Fullscreen: false
Intro: false
Profiling: false
Single step:false
App Mode: DEVELOPER
Menu Key: ESCAPE
Stage Style: DECORATED
Scene Factory: class com.almasb.fxgl.app.scene.SceneFactory

17:35:07.346 [JavaFX Application Thread] DEBUG FXGLApplication      - Initializing FXGL
17:35:07.351 [JavaFX Application Thread] INFO  Engine               - FXGL-17.3 (30.03.2023 11.49) on WINDOWS (J:22.0.1 FX:22-ea)
17:35:07.352 [JavaFX Application Thread] DEBUG Engine               - JRE Vendor Name: Oracle Corporation
17:35:07.352 [JavaFX Application Thread] DEBUG Engine               - Running on OS: Windows 11 version 10.0
17:35:07.353 [JavaFX Application Thread] DEBUG Engine               - Architecture: amd64
17:35:07.353 [JavaFX Application Thread] INFO  Engine               - Source code and latest versions at: https://github.com/AlmasB/FXGL
17:35:07.353 [JavaFX Application Thread] INFO  Engine               -       Ask questions and discuss at: https://github.com/AlmasB/FXGL/discussions
17:35:07.353 [JavaFX Application Thread] INFO  Engine               -              Join the FXGL chat at: https://gitter.im/AlmasB/FXGL
17:35:07.445 [JavaFX Application Thread] DEBUG PrimaryStageWindow   - Creating a JavaFX scene
17:35:07.501 [JavaFX Application Thread] DEBUG PrimaryStageWindow   - Target settings size: 1200.0 x 600.0
17:35:07.502 [JavaFX Application Thread] DEBUG PrimaryStageWindow   - Scaled scene size:    1200.0 x 600.0
17:35:07.502 [JavaFX Application Thread] DEBUG PrimaryStageWindow   - Scaled ratio: (1.0, 1.0)
17:35:07.504 [JavaFX Application Thread] DEBUG PrimaryStageWindow   - Set initial scene to FXGLStartupScene
17:35:07.508 [JavaFX Application Thread] DEBUG PrimaryStageWindow   - Opening main window
17:35:07.596 [JavaFX Application Thread] DEBUG PrimaryStageWindow   - Window border size: (14.6666259765625, 37.33331298828125)
17:35:07.596 [JavaFX Application Thread] DEBUG PrimaryStageWindow   - Scaled size: 1200.0 x 600.0
17:35:07.596 [JavaFX Application Thread] DEBUG PrimaryStageWindow   - Scaled ratio: (1.0, 1.0)
17:35:07.597 [JavaFX Application Thread] DEBUG PrimaryStageWindow   - Scene size: 1200.0 x 600.0
17:35:07.597 [JavaFX Application Thread] DEBUG PrimaryStageWindow   - Stage size: 1214.6666259765625 x 637.3333129882812
17:35:07.608 [FXGL Background Thread 1 ] DEBUG Engine               - Initializing environment variables
17:35:07.688 [FXGL Background Thread 1 ] DEBUG FXGLAssetLoaderServi - User app class for loading assets: class clueless.zombiesattack.Game
17:35:07.689 [FXGL Background Thread 1 ] DEBUG GameApplicationServi - Applying CSS: fxgl_dark.css
17:35:07.690 [FXGL Background Thread 1 ] DEBUG FXGLAssetLoaderServi - Loading from file system: jar:file:///C:/Users/g_gab/.m2/repository/com/github/almasb/fxgl/17.3/fxgl-17.3.jar!/fxglassets/ui/css/fxgl_dark.css
17:35:07.752 [FXGL Background Thread 1 ] DEBUG GameApplicationServi - Initializing application scenes
17:35:07.806 [FXGL Background Thread 1 ] DEBUG GameWorld            - Game world initialized
17:35:07.889 [FXGL Background Thread 1 ] DEBUG PhysicsWorld         - Physics world initialized: appHeight=600, physics.ppm=50,0
17:35:07.889 [FXGL Background Thread 1 ] DEBUG PhysicsWorld         - Using strategy: BRUTE_FORCE
17:35:07.894 [FXGL Background Thread 1 ] DEBUG GameScene            - Game scene initialized: 1200x600
17:35:07.907 [FXGL Background Thread 1 ] DEBUG FXGL.DefaultMenu     - createMenuBodyGameMenu()
17:35:07.920 [FXGL Background Thread 1 ] DEBUG FXGL.DefaultMenu     - createOptionsMenu()
17:35:07.927 [FXGL Background Thread 1 ] DEBUG FXGLAssetLoaderServi - Loading from file system: jar:file:///C:/Users/g_gab/.m2/repository/com/github/almasb/fxgl/17.3/fxgl-17.3.jar!/fxglassets/textures/particles/smoke.png
17:35:08.019 [FXGL Background Thread 1 ] DEBUG FXGLAssetLoaderServi - Loading from file system: jar:file:///C:/Users/g_gab/.m2/repository/com/github/almasb/fxgl/17.3/fxgl-17.3.jar!/fxglassets/textures/particles/trace_horizontal.png
17:35:08.054 [FXGL Background Thread 1 ] DEBUG GameApplicationServi - Application scenes initialized
17:35:08.071 [FXGL Background Thread 1 ] DEBUG SystemBundleService  - Loading FXGL system data
17:35:08.076 [FXGL Background Thread 1 ] DEBUG FileSystemAccess     - Reading from: C:\Game\Clueless\system\fxgl.bundle
17:35:08.085 [FXGL Background Thread 1 ] DEBUG SystemBundleService  - Bundle FXGL: {}
17:35:08.085 [FXGL Background Thread 1 ] DEBUG UpdaterService       - Checking for updates
17:35:08.089 [FXGL Background Thread 4 ] DEBUG FXGLApplication      - Loading fonts
17:35:08.090 [FXGL Background Thread 4 ] DEBUG FXGLAssetLoaderServi - Loading from file system: jar:file:///C:/Users/g_gab/.m2/repository/com/github/almasb/fxgl/17.3/fxgl-17.3.jar!/fxglassets/ui/fonts/VarelaRound-Regular.ttf
17:35:08.090 [FXGL Background Thread 1 ] DEBUG FXGLApplication      - Loading default localization
17:35:08.091 [FXGL Background Thread 1 ] DEBUG FXGLAssetLoaderServi - Loading from file system: jar:file:///C:/Users/g_gab/.m2/repository/com/github/almasb/fxgl/17.3/fxgl-17.3.jar!/fxglassets/languages/english.lang
17:35:08.121 [FXGL Background Thread 1 ] INFO  FXGLApplication      - FXGL initialization took: 0,512 sec
17:35:08.138 [JavaFX Application Thread] DEBUG Input                - Registered new binding: action0 - D
17:35:08.138 [JavaFX Application Thread] DEBUG Input                - Registered new binding: action1 - A
17:35:08.139 [JavaFX Application Thread] DEBUG FXGLAssetLoaderServi - Loading from file system: jar:file:///C:/Users/g_gab/.m2/repository/com/github/almasb/fxgl/17.3/fxgl-17.3.jar!/fxglassets/textures/fxgl_icon.png
17:35:08.143 [FXGL Background Thread 4 ] DEBUG FXGLAssetLoaderServi - Loading from file system: jar:file:///C:/Users/g_gab/.m2/repository/com/github/almasb/fxgl/17.3/fxgl-17.3.jar!/fxglassets/ui/fonts/Abel-Regular.ttf
17:35:08.156 [FXGL Background Thread 4 ] DEBUG FXGLAssetLoaderServi - Loading from file system: jar:file:///C:/Users/g_gab/.m2/repository/com/github/almasb/fxgl/17.3/fxgl-17.3.jar!/fxglassets/ui/fonts/TerminalLandMono-Regular.otf
17:35:08.158 [JavaFX Application Thread] DEBUG FXGLAssetLoaderServi - Loading from file system: jar:file:///C:/Users/g_gab/.m2/repository/com/github/almasb/fxgl/17.3/fxgl-17.3.jar!/fxglassets/textures/fxgl_default_cursor.png
17:35:08.161 [JavaFX Application Thread] DEBUG Input                - Registered new binding: Screenshot - CTRL+8
17:35:08.162 [JavaFX Application Thread] DEBUG Input                - Registered new binding: System info dump - CTRL+9
17:35:08.163 [JavaFX Application Thread] DEBUG Input                - Registered new binding: Restart - CTRL+R
17:35:08.163 [JavaFX Application Thread] DEBUG Input                - Registered new binding: Toggle Debug Camera - CTRL+7
17:35:08.167 [JavaFX Application Thread] DEBUG LoopRunner           - Starting loop
17:35:08.167 [JavaFX Application Thread] DEBUG LoopRunner           - Initializing JavaFX AnimationTimerLoop
17:35:08.168 [JavaFX Application Thread] DEBUG GameApplicationServi - Starting new game
17:35:08.168 [JavaFX Application Thread] DEBUG Input                - Clearing active input actions
17:35:08.171 [FXGL Background Thread 4 ] DEBUG FXGLAssetLoaderServi - Loading from file system: jar:file:///C:/Users/g_gab/.m2/repository/com/github/almasb/fxgl/17.3/fxgl-17.3.jar!/fxglassets/ui/fonts/Courier-Prime.ttf
17:35:08.183 [JavaFX Application Thread] DEBUG GameApplicationServi - Removing overlay from FXGLStartupScene and adding to FXGLLoadingScene
17:35:08.183 [JavaFX Application Thread] DEBUG PrimaryStageWindow   - FXGLStartupScene -> FXGLLoadingScene
17:35:08.184 [JavaFX Application Thread] DEBUG GameApplicationServi - Clearing previous game
17:35:08.184 [JavaFX Application Thread] DEBUG GameScene            - Clearing game scene
17:35:08.184 [JavaFX Application Thread] DEBUG GameWorld            - Clearing game world
17:35:08.185 [JavaFX Application Thread] DEBUG PhysicsWorld         - Clearing physics world
17:35:08.187 [FXGL Background Thread 1 ] DEBUG FXGLApplication      - Initializing game
17:35:08.195 [FXGL Background Thread 1 ] WARN  FXGLAssetLoaderServi - Asset "/assets/textures/brick.png" was not found!
17:35:08.196 [FXGL Background Thread 1 ] WARN  FXGLAssetLoaderServi - Failed to load IMAGE
17:35:08.236 [JavaFX Application Thread] DEBUG FXGLApplication      - Registering font factories with UI factory
17:35:08.368 [FXGL Background Thread 1 ] WARN  FXGLAssetLoaderServi - Asset "/assets/textures/pixil.png" was not found!
17:35:08.369 [FXGL Background Thread 1 ] WARN  FXGLAssetLoaderServi - Failed to load IMAGE
17:35:08.370 [FXGL Background Thread 1 ] INFO  FXGLApplication      - Game initialization took: 0,182 sec
17:35:08.380 [JavaFX Application Thread] DEBUG Input                - Clearing active input actions
17:35:08.393 [JavaFX Application Thread] DEBUG GameApplicationServi - Removing overlay from FXGLLoadingScene and adding to GameScene
17:35:08.393 [JavaFX Application Thread] DEBUG PrimaryStageWindow   - FXGLLoadingScene -> GameScene
17:35:08.751 [FXGL Background Thread 2 ] INFO  UpdaterService       - Your current version:  17.3
17:35:08.751 [FXGL Background Thread 2 ] INFO  UpdaterService       - Latest stable version: 21.1
17:35:10.777 [JavaFX Application Thread] DEBUG FXGLApplication      - Exiting FXGL
17:35:10.778 [JavaFX Application Thread] DEBUG LoopRunner           - Stopping loop
17:35:10.778 [JavaFX Application Thread] DEBUG SystemBundleService  - Saving FXGL system data
17:35:10.781 [JavaFX Application Thread] DEBUG FileSystemAccess     - Writing to: C:\Game\Clueless\system\fxgl.bundle
17:35:10.785 [JavaFX Application Thread] DEBUG Async                - Shutting down background threads
17:35:10.785 [JavaFX Application Thread] DEBUG PrimaryStageWindow   - Closing main window
17:35:10.801 [JavaFX Application Thread] DEBUG Logger               - Closing Logger
