13:23:01.288 [main                     ] DEBUG Logger               - Configured Logger
13:23:01.320 [main                     ] DEBUG GameApplication      - Logging settings
Title: ZombieAttack
Version: 0.1
Width: 1200
Height: 600
Fullscreen: false
Intro: false
Profiling: false
Single step:false
App Mode: DEVELOPER
Menu Key: ESCAPE
Stage Style: DECORATED
Scene Factory: class com.almasb.fxgl.app.scene.SceneFactory

13:23:01.991 [JavaFX Application Thread] DEBUG FXGLApplication      - Initializing FXGL
13:23:01.997 [JavaFX Application Thread] INFO  Engine               - FXGL-17.3 (30.03.2023 11.49) on WINDOWS (J:22.0.1 FX:22-ea)
13:23:01.998 [JavaFX Application Thread] DEBUG Engine               - JRE Vendor Name: Oracle Corporation
13:23:01.998 [JavaFX Application Thread] DEBUG Engine               - Running on OS: Windows 11 version 10.0
13:23:01.998 [JavaFX Application Thread] DEBUG Engine               - Architecture: amd64
13:23:01.999 [JavaFX Application Thread] INFO  Engine               - Source code and latest versions at: https://github.com/AlmasB/FXGL
13:23:01.999 [JavaFX Application Thread] INFO  Engine               -       Ask questions and discuss at: https://github.com/AlmasB/FXGL/discussions
13:23:01.999 [JavaFX Application Thread] INFO  Engine               -              Join the FXGL chat at: https://gitter.im/AlmasB/FXGL
13:23:02.116 [JavaFX Application Thread] DEBUG PrimaryStageWindow   - Creating a JavaFX scene
13:23:02.195 [JavaFX Application Thread] DEBUG PrimaryStageWindow   - Target settings size: 1200.0 x 600.0
13:23:02.196 [JavaFX Application Thread] DEBUG PrimaryStageWindow   - Scaled scene size:    1200.0 x 600.0
13:23:02.196 [JavaFX Application Thread] DEBUG PrimaryStageWindow   - Scaled ratio: (1.0, 1.0)
13:23:02.197 [JavaFX Application Thread] DEBUG PrimaryStageWindow   - Set initial scene to FXGLStartupScene
13:23:02.204 [JavaFX Application Thread] DEBUG PrimaryStageWindow   - Opening main window
13:23:02.378 [JavaFX Application Thread] DEBUG PrimaryStageWindow   - Window border size: (14.6666259765625, 37.33331298828125)
13:23:02.379 [JavaFX Application Thread] DEBUG PrimaryStageWindow   - Scaled size: 1200.0 x 600.0
13:23:02.379 [JavaFX Application Thread] DEBUG PrimaryStageWindow   - Scaled ratio: (1.0, 1.0)
13:23:02.380 [JavaFX Application Thread] DEBUG PrimaryStageWindow   - Scene size: 1200.0 x 600.0
13:23:02.380 [JavaFX Application Thread] DEBUG PrimaryStageWindow   - Stage size: 1214.6666259765625 x 637.3333129882812
13:23:02.396 [FXGL Background Thread 1 ] DEBUG Engine               - Initializing environment variables
13:23:02.473 [FXGL Background Thread 1 ] DEBUG FXGLAssetLoaderServi - User app class for loading assets: class clueless.zombiesattack.Game
13:23:02.474 [FXGL Background Thread 1 ] DEBUG GameApplicationServi - Applying CSS: fxgl_dark.css
13:23:02.474 [FXGL Background Thread 1 ] DEBUG FXGLAssetLoaderServi - Loading from file system: jar:file:///C:/Users/g_gab/.m2/repository/com/github/almasb/fxgl/17.3/fxgl-17.3.jar!/fxglassets/ui/css/fxgl_dark.css
13:23:02.528 [FXGL Background Thread 1 ] DEBUG GameApplicationServi - Initializing application scenes
13:23:02.597 [FXGL Background Thread 1 ] DEBUG GameWorld            - Game world initialized
13:23:02.720 [FXGL Background Thread 1 ] DEBUG PhysicsWorld         - Physics world initialized: appHeight=600, physics.ppm=50,0
13:23:02.721 [FXGL Background Thread 1 ] DEBUG PhysicsWorld         - Using strategy: BRUTE_FORCE
13:23:02.728 [FXGL Background Thread 1 ] DEBUG GameScene            - Game scene initialized: 1200x600
13:23:02.750 [FXGL Background Thread 1 ] DEBUG FXGL.DefaultMenu     - createMenuBodyGameMenu()
13:23:02.765 [FXGL Background Thread 1 ] DEBUG FXGL.DefaultMenu     - createOptionsMenu()
13:23:02.775 [FXGL Background Thread 1 ] DEBUG FXGLAssetLoaderServi - Loading from file system: jar:file:///C:/Users/g_gab/.m2/repository/com/github/almasb/fxgl/17.3/fxgl-17.3.jar!/fxglassets/textures/particles/smoke.png
13:23:02.917 [FXGL Background Thread 1 ] DEBUG FXGLAssetLoaderServi - Loading from file system: jar:file:///C:/Users/g_gab/.m2/repository/com/github/almasb/fxgl/17.3/fxgl-17.3.jar!/fxglassets/textures/particles/trace_horizontal.png
13:23:02.970 [FXGL Background Thread 1 ] DEBUG GameApplicationServi - Application scenes initialized
13:23:02.987 [FXGL Background Thread 1 ] DEBUG SystemBundleService  - Loading FXGL system data
13:23:03.002 [FXGL Background Thread 1 ] DEBUG FileSystemAccess     - Reading from: C:\Game\Clueless\system\fxgl.bundle
13:23:03.010 [FXGL Background Thread 1 ] DEBUG SystemBundleService  - Bundle FXGL: {}
13:23:03.011 [FXGL Background Thread 1 ] DEBUG UpdaterService       - Checking for updates
13:23:03.015 [FXGL Background Thread 4 ] DEBUG FXGLApplication      - Loading fonts
13:23:03.016 [FXGL Background Thread 1 ] DEBUG FXGLApplication      - Loading default localization
13:23:03.016 [FXGL Background Thread 4 ] DEBUG FXGLAssetLoaderServi - Loading from file system: jar:file:///C:/Users/g_gab/.m2/repository/com/github/almasb/fxgl/17.3/fxgl-17.3.jar!/fxglassets/ui/fonts/VarelaRound-Regular.ttf
13:23:03.018 [FXGL Background Thread 1 ] DEBUG FXGLAssetLoaderServi - Loading from file system: jar:file:///C:/Users/g_gab/.m2/repository/com/github/almasb/fxgl/17.3/fxgl-17.3.jar!/fxglassets/languages/english.lang
13:23:03.050 [FXGL Background Thread 1 ] INFO  FXGLApplication      - FXGL initialization took: 0,654 sec
13:23:03.068 [JavaFX Application Thread] DEBUG Input                - Registered new binding: action0 - D
13:23:03.068 [JavaFX Application Thread] DEBUG Input                - Registered new binding: action1 - A
13:23:03.069 [JavaFX Application Thread] DEBUG FXGLAssetLoaderServi - Loading from file system: jar:file:///C:/Users/g_gab/.m2/repository/com/github/almasb/fxgl/17.3/fxgl-17.3.jar!/fxglassets/textures/fxgl_icon.png
13:23:03.084 [FXGL Background Thread 4 ] DEBUG FXGLAssetLoaderServi - Loading from file system: jar:file:///C:/Users/g_gab/.m2/repository/com/github/almasb/fxgl/17.3/fxgl-17.3.jar!/fxglassets/ui/fonts/Abel-Regular.ttf
13:23:03.100 [FXGL Background Thread 4 ] DEBUG FXGLAssetLoaderServi - Loading from file system: jar:file:///C:/Users/g_gab/.m2/repository/com/github/almasb/fxgl/17.3/fxgl-17.3.jar!/fxglassets/ui/fonts/TerminalLandMono-Regular.otf
13:23:03.104 [JavaFX Application Thread] DEBUG FXGLAssetLoaderServi - Loading from file system: jar:file:///C:/Users/g_gab/.m2/repository/com/github/almasb/fxgl/17.3/fxgl-17.3.jar!/fxglassets/textures/fxgl_default_cursor.png
13:23:03.108 [JavaFX Application Thread] DEBUG Input                - Registered new binding: Screenshot - CTRL+8
13:23:03.108 [JavaFX Application Thread] DEBUG Input                - Registered new binding: System info dump - CTRL+9
13:23:03.109 [JavaFX Application Thread] DEBUG Input                - Registered new binding: Restart - CTRL+R
13:23:03.110 [JavaFX Application Thread] DEBUG Input                - Registered new binding: Toggle Debug Camera - CTRL+7
13:23:03.114 [JavaFX Application Thread] DEBUG LoopRunner           - Starting loop
13:23:03.114 [JavaFX Application Thread] DEBUG LoopRunner           - Initializing JavaFX AnimationTimerLoop
13:23:03.115 [JavaFX Application Thread] DEBUG GameApplicationServi - Starting new game
13:23:03.116 [FXGL Background Thread 4 ] DEBUG FXGLAssetLoaderServi - Loading from file system: jar:file:///C:/Users/g_gab/.m2/repository/com/github/almasb/fxgl/17.3/fxgl-17.3.jar!/fxglassets/ui/fonts/Courier-Prime.ttf
13:23:03.116 [JavaFX Application Thread] DEBUG Input                - Clearing active input actions
13:23:03.133 [JavaFX Application Thread] DEBUG GameApplicationServi - Removing overlay from FXGLStartupScene and adding to FXGLLoadingScene
13:23:03.134 [JavaFX Application Thread] DEBUG PrimaryStageWindow   - FXGLStartupScene -> FXGLLoadingScene
13:23:03.134 [JavaFX Application Thread] DEBUG GameApplicationServi - Clearing previous game
13:23:03.134 [JavaFX Application Thread] DEBUG GameScene            - Clearing game scene
13:23:03.134 [JavaFX Application Thread] DEBUG GameWorld            - Clearing game world
13:23:03.135 [JavaFX Application Thread] DEBUG PhysicsWorld         - Clearing physics world
13:23:03.136 [FXGL Background Thread 4 ] DEBUG FXGLApplication      - Initializing game
13:23:03.145 [FXGL Background Thread 4 ] WARN  FXGLAssetLoaderServi - Asset "/assets/textures/brick.png" was not found!
13:23:03.145 [FXGL Background Thread 4 ] WARN  FXGLAssetLoaderServi - Failed to load IMAGE
13:23:03.193 [JavaFX Application Thread] DEBUG FXGLApplication      - Registering font factories with UI factory
13:23:03.367 [FXGL Background Thread 4 ] WARN  FXGLAssetLoaderServi - Asset "/assets/textures/pixil.png" was not found!
13:23:03.367 [FXGL Background Thread 4 ] WARN  FXGLAssetLoaderServi - Failed to load IMAGE
13:23:03.368 [FXGL Background Thread 4 ] INFO  FXGLApplication      - Game initialization took: 0,232 sec
13:23:03.385 [JavaFX Application Thread] DEBUG Input                - Clearing active input actions
13:23:03.395 [JavaFX Application Thread] DEBUG GameApplicationServi - Removing overlay from FXGLLoadingScene and adding to GameScene
13:23:03.396 [JavaFX Application Thread] DEBUG PrimaryStageWindow   - FXGLLoadingScene -> GameScene
13:23:04.175 [FXGL Background Thread 2 ] INFO  UpdaterService       - Your current version:  17.3
13:23:04.175 [FXGL Background Thread 2 ] INFO  UpdaterService       - Latest stable version: 21.1
13:23:05.406 [JavaFX Application Thread] DEBUG FXGLApplication      - Exiting FXGL
13:23:05.406 [JavaFX Application Thread] DEBUG LoopRunner           - Stopping loop
13:23:05.406 [JavaFX Application Thread] DEBUG SystemBundleService  - Saving FXGL system data
13:23:05.410 [JavaFX Application Thread] DEBUG FileSystemAccess     - Writing to: C:\Game\Clueless\system\fxgl.bundle
13:23:05.412 [JavaFX Application Thread] DEBUG Async                - Shutting down background threads
13:23:05.413 [JavaFX Application Thread] DEBUG PrimaryStageWindow   - Closing main window
13:23:05.432 [JavaFX Application Thread] DEBUG Logger               - Closing Logger
